2024-10-15T11:30:35.795-05:00  INFO 21164 --- [SysAlmacenFX] [JavaFX-Launcher] o.s.boot.SpringApplication               : Starting application using Java 17.0.10 with PID 21164 (started by Datos in D:\ing david\POO2024C2G1\SysAlmacenFX)
2024-10-15T11:30:35.796-05:00  INFO 21164 --- [SysAlmacenFX] [JavaFX-Launcher] o.s.boot.SpringApplication               : No active profile set, falling back to 1 default profile: "default"
2024-10-15T11:30:36.240-05:00  INFO 21164 --- [SysAlmacenFX] [JavaFX-Launcher] .s.d.r.c.RepositoryConfigurationDelegate : Bootstrapping Spring Data JPA repositories in DEFAULT mode.
2024-10-15T11:30:36.302-05:00  INFO 21164 --- [SysAlmacenFX] [JavaFX-Launcher] .s.d.r.c.RepositoryConfigurationDelegate : Finished Spring Data repository scanning in 57 ms. Found 15 JPA repository interfaces.
2024-10-15T11:30:36.612-05:00  INFO 21164 --- [SysAlmacenFX] [JavaFX-Launcher] o.hibernate.jpa.internal.util.LogHelper  : HHH000204: Processing PersistenceUnitInfo [name: default]
2024-10-15T11:30:36.656-05:00  INFO 21164 --- [SysAlmacenFX] [JavaFX-Launcher] org.hibernate.Version                    : HHH000412: Hibernate ORM core version 6.5.3.Final
2024-10-15T11:30:36.677-05:00  INFO 21164 --- [SysAlmacenFX] [JavaFX-Launcher] o.h.c.internal.RegionFactoryInitiator    : HHH000026: Second-level cache disabled
2024-10-15T11:30:36.901-05:00  INFO 21164 --- [SysAlmacenFX] [JavaFX-Launcher] o.s.o.j.p.SpringPersistenceUnitInfo      : No LoadTimeWeaver setup: ignoring JPA class transformer
2024-10-15T11:30:36.924-05:00  INFO 21164 --- [SysAlmacenFX] [JavaFX-Launcher] com.zaxxer.hikari.HikariDataSource       : HikariPool-1 - Starting...
2024-10-15T11:30:37.000-05:00  INFO 21164 --- [SysAlmacenFX] [JavaFX-Launcher] com.zaxxer.hikari.pool.HikariPool        : HikariPool-1 - Added connection org.sqlite.jdbc4.JDBC4Connection@45056d35
2024-10-15T11:30:37.001-05:00  INFO 21164 --- [SysAlmacenFX] [JavaFX-Launcher] com.zaxxer.hikari.HikariDataSource       : HikariPool-1 - Start completed.
2024-10-15T11:30:37.791-05:00  INFO 21164 --- [SysAlmacenFX] [JavaFX-Launcher] o.h.e.t.j.p.i.JtaPlatformInitiator       : HHH000489: No JTA platform available (set 'hibernate.transaction.jta.platform' to enable JTA platform integration)
2024-10-15T11:30:37.816-05:00  INFO 21164 --- [SysAlmacenFX] [JavaFX-Launcher] j.LocalContainerEntityManagerFactoryBean : Initialized JPA EntityManagerFactory for persistence unit 'default'
2024-10-15T11:30:38.206-05:00  INFO 21164 --- [SysAlmacenFX] [JavaFX-Launcher] o.s.boot.SpringApplication               : Started application in 2.8 seconds (process running for 3.317)
2024-10-15T11:30:40.521-05:00  INFO 21164 --- [SysAlmacenFX] [JavaFX Application Thread] j.LocalContainerEntityManagerFactoryBean : Closing JPA EntityManagerFactory for persistence unit 'default'
2024-10-15T11:30:40.523-05:00  INFO 21164 --- [SysAlmacenFX] [JavaFX Application Thread] com.zaxxer.hikari.HikariDataSource       : HikariPool-1 - Shutdown initiated...
2024-10-15T11:30:40.525-05:00  INFO 21164 --- [SysAlmacenFX] [JavaFX Application Thread] com.zaxxer.hikari.HikariDataSource       : HikariPool-1 - Shutdown completed.
2024-10-18T07:53:30.560-05:00  INFO 1644 --- [SysAlmacenFX] [JavaFX-Launcher] o.s.boot.SpringApplication               : Starting application using Java 23 with PID 1644 (started by PC-Laboratorio in D:\omar 2\OMAR-2\SysAlmacenFX)
2024-10-18T07:53:30.564-05:00  INFO 1644 --- [SysAlmacenFX] [JavaFX-Launcher] o.s.boot.SpringApplication               : No active profile set, falling back to 1 default profile: "default"
2024-10-18T07:53:31.634-05:00  INFO 1644 --- [SysAlmacenFX] [JavaFX-Launcher] .s.d.r.c.RepositoryConfigurationDelegate : Bootstrapping Spring Data JPA repositories in DEFAULT mode.
2024-10-18T07:53:31.711-05:00  INFO 1644 --- [SysAlmacenFX] [JavaFX-Launcher] .s.d.r.c.RepositoryConfigurationDelegate : Finished Spring Data repository scanning in 68 ms. Found 15 JPA repository interfaces.
2024-10-18T07:53:32.118-05:00  INFO 1644 --- [SysAlmacenFX] [JavaFX-Launcher] o.hibernate.jpa.internal.util.LogHelper  : HHH000204: Processing PersistenceUnitInfo [name: default]
2024-10-18T07:53:32.169-05:00  INFO 1644 --- [SysAlmacenFX] [JavaFX-Launcher] org.hibernate.Version                    : HHH000412: Hibernate ORM core version 6.5.3.Final
2024-10-18T07:53:32.196-05:00  INFO 1644 --- [SysAlmacenFX] [JavaFX-Launcher] o.h.c.internal.RegionFactoryInitiator    : HHH000026: Second-level cache disabled
2024-10-18T07:53:32.521-05:00  INFO 1644 --- [SysAlmacenFX] [JavaFX-Launcher] o.s.o.j.p.SpringPersistenceUnitInfo      : No LoadTimeWeaver setup: ignoring JPA class transformer
2024-10-18T07:53:32.560-05:00  INFO 1644 --- [SysAlmacenFX] [JavaFX-Launcher] com.zaxxer.hikari.HikariDataSource       : HikariPool-1 - Starting...
2024-10-18T07:53:32.708-05:00  INFO 1644 --- [SysAlmacenFX] [JavaFX-Launcher] com.zaxxer.hikari.pool.HikariPool        : HikariPool-1 - Added connection org.sqlite.jdbc4.JDBC4Connection@46b6d7ef
2024-10-18T07:53:32.709-05:00  INFO 1644 --- [SysAlmacenFX] [JavaFX-Launcher] com.zaxxer.hikari.HikariDataSource       : HikariPool-1 - Start completed.
2024-10-18T07:53:33.867-05:00  INFO 1644 --- [SysAlmacenFX] [JavaFX-Launcher] o.h.e.t.j.p.i.JtaPlatformInitiator       : HHH000489: No JTA platform available (set 'hibernate.transaction.jta.platform' to enable JTA platform integration)
2024-10-18T07:53:33.909-05:00  INFO 1644 --- [SysAlmacenFX] [JavaFX-Launcher] j.LocalContainerEntityManagerFactoryBean : Initialized JPA EntityManagerFactory for persistence unit 'default'
2024-10-18T07:53:34.649-05:00  INFO 1644 --- [SysAlmacenFX] [JavaFX-Launcher] o.s.boot.SpringApplication               : Started application in 4.69 seconds (process running for 5.548)
2024-10-18T08:07:38.676-05:00  INFO 1644 --- [SysAlmacenFX] [JavaFX Application Thread] j.LocalContainerEntityManagerFactoryBean : Closing JPA EntityManagerFactory for persistence unit 'default'
2024-10-18T08:07:38.680-05:00  INFO 1644 --- [SysAlmacenFX] [JavaFX Application Thread] com.zaxxer.hikari.HikariDataSource       : HikariPool-1 - Shutdown initiated...
2024-10-18T08:07:38.684-05:00  INFO 1644 --- [SysAlmacenFX] [JavaFX Application Thread] com.zaxxer.hikari.HikariDataSource       : HikariPool-1 - Shutdown completed.
2024-10-18T08:51:47.539-05:00  INFO 4288 --- [SysAlmacenFX] [JavaFX-Launcher] o.s.boot.SpringApplication               : Starting application using Java 23 with PID 4288 (started by PC-Laboratorio in D:\omar 2\OMAR-2\SysAlmacenFX)
2024-10-18T08:51:47.542-05:00  INFO 4288 --- [SysAlmacenFX] [JavaFX-Launcher] o.s.boot.SpringApplication               : No active profile set, falling back to 1 default profile: "default"
2024-10-18T08:51:48.655-05:00  INFO 4288 --- [SysAlmacenFX] [JavaFX-Launcher] .s.d.r.c.RepositoryConfigurationDelegate : Bootstrapping Spring Data JPA repositories in DEFAULT mode.
2024-10-18T08:51:48.739-05:00  INFO 4288 --- [SysAlmacenFX] [JavaFX-Launcher] .s.d.r.c.RepositoryConfigurationDelegate : Finished Spring Data repository scanning in 76 ms. Found 15 JPA repository interfaces.
2024-10-18T08:51:49.134-05:00  INFO 4288 --- [SysAlmacenFX] [JavaFX-Launcher] o.hibernate.jpa.internal.util.LogHelper  : HHH000204: Processing PersistenceUnitInfo [name: default]
2024-10-18T08:51:49.202-05:00  INFO 4288 --- [SysAlmacenFX] [JavaFX-Launcher] org.hibernate.Version                    : HHH000412: Hibernate ORM core version 6.5.3.Final
2024-10-18T08:51:49.242-05:00  INFO 4288 --- [SysAlmacenFX] [JavaFX-Launcher] o.h.c.internal.RegionFactoryInitiator    : HHH000026: Second-level cache disabled
2024-10-18T08:51:49.663-05:00  INFO 4288 --- [SysAlmacenFX] [JavaFX-Launcher] o.s.o.j.p.SpringPersistenceUnitInfo      : No LoadTimeWeaver setup: ignoring JPA class transformer
2024-10-18T08:51:49.701-05:00  INFO 4288 --- [SysAlmacenFX] [JavaFX-Launcher] com.zaxxer.hikari.HikariDataSource       : HikariPool-1 - Starting...
2024-10-18T08:51:49.852-05:00  INFO 4288 --- [SysAlmacenFX] [JavaFX-Launcher] com.zaxxer.hikari.pool.HikariPool        : HikariPool-1 - Added connection org.sqlite.jdbc4.JDBC4Connection@3c290c0c
2024-10-18T08:51:49.854-05:00  INFO 4288 --- [SysAlmacenFX] [JavaFX-Launcher] com.zaxxer.hikari.HikariDataSource       : HikariPool-1 - Start completed.
2024-10-18T08:51:51.197-05:00  INFO 4288 --- [SysAlmacenFX] [JavaFX-Launcher] o.h.e.t.j.p.i.JtaPlatformInitiator       : HHH000489: No JTA platform available (set 'hibernate.transaction.jta.platform' to enable JTA platform integration)
2024-10-18T08:51:51.240-05:00  INFO 4288 --- [SysAlmacenFX] [JavaFX-Launcher] j.LocalContainerEntityManagerFactoryBean : Initialized JPA EntityManagerFactory for persistence unit 'default'
2024-10-18T08:51:51.807-05:00  INFO 4288 --- [SysAlmacenFX] [JavaFX-Launcher] o.s.boot.SpringApplication               : Started application in 4.907 seconds (process running for 5.865)
2024-10-18T08:51:51.904-05:00  WARN 4288 --- [SysAlmacenFX] [JavaFX-Launcher] javafx                                   : Loading FXML document with JavaFX API of version 17.0.12 by JavaFX runtime of version 16
2024-10-18T09:00:07.043-05:00  INFO 4288 --- [SysAlmacenFX] [JavaFX Application Thread] j.LocalContainerEntityManagerFactoryBean : Closing JPA EntityManagerFactory for persistence unit 'default'
2024-10-18T09:00:07.046-05:00  INFO 4288 --- [SysAlmacenFX] [JavaFX Application Thread] com.zaxxer.hikari.HikariDataSource       : HikariPool-1 - Shutdown initiated...
2024-10-18T09:00:07.049-05:00  INFO 4288 --- [SysAlmacenFX] [JavaFX Application Thread] com.zaxxer.hikari.HikariDataSource       : HikariPool-1 - Shutdown completed.
2024-10-18T09:09:52.050-05:00  INFO 16132 --- [SysAlmacenFX] [JavaFX-Launcher] o.s.boot.SpringApplication               : Starting application using Java 23 with PID 16132 (started by PC-Laboratorio in D:\omar 2\OMAR-2\SysAlmacenFX)
2024-10-18T09:09:52.054-05:00  INFO 16132 --- [SysAlmacenFX] [JavaFX-Launcher] o.s.boot.SpringApplication               : No active profile set, falling back to 1 default profile: "default"
2024-10-18T09:09:52.958-05:00  INFO 16132 --- [SysAlmacenFX] [JavaFX-Launcher] .s.d.r.c.RepositoryConfigurationDelegate : Bootstrapping Spring Data JPA repositories in DEFAULT mode.
2024-10-18T09:09:53.034-05:00  INFO 16132 --- [SysAlmacenFX] [JavaFX-Launcher] .s.d.r.c.RepositoryConfigurationDelegate : Finished Spring Data repository scanning in 70 ms. Found 15 JPA repository interfaces.
2024-10-18T09:09:53.455-05:00  INFO 16132 --- [SysAlmacenFX] [JavaFX-Launcher] o.hibernate.jpa.internal.util.LogHelper  : HHH000204: Processing PersistenceUnitInfo [name: default]
2024-10-18T09:09:53.514-05:00  INFO 16132 --- [SysAlmacenFX] [JavaFX-Launcher] org.hibernate.Version                    : HHH000412: Hibernate ORM core version 6.5.3.Final
2024-10-18T09:09:53.545-05:00  INFO 16132 --- [SysAlmacenFX] [JavaFX-Launcher] o.h.c.internal.RegionFactoryInitiator    : HHH000026: Second-level cache disabled
2024-10-18T09:09:53.846-05:00  INFO 16132 --- [SysAlmacenFX] [JavaFX-Launcher] o.s.o.j.p.SpringPersistenceUnitInfo      : No LoadTimeWeaver setup: ignoring JPA class transformer
2024-10-18T09:09:53.888-05:00  INFO 16132 --- [SysAlmacenFX] [JavaFX-Launcher] com.zaxxer.hikari.HikariDataSource       : HikariPool-1 - Starting...
2024-10-18T09:09:54.063-05:00  INFO 16132 --- [SysAlmacenFX] [JavaFX-Launcher] com.zaxxer.hikari.pool.HikariPool        : HikariPool-1 - Added connection org.sqlite.jdbc4.JDBC4Connection@514f02ad
2024-10-18T09:09:54.067-05:00  INFO 16132 --- [SysAlmacenFX] [JavaFX-Launcher] com.zaxxer.hikari.HikariDataSource       : HikariPool-1 - Start completed.
2024-10-18T09:09:55.196-05:00  INFO 16132 --- [SysAlmacenFX] [JavaFX-Launcher] o.h.e.t.j.p.i.JtaPlatformInitiator       : HHH000489: No JTA platform available (set 'hibernate.transaction.jta.platform' to enable JTA platform integration)
2024-10-18T09:09:55.232-05:00  INFO 16132 --- [SysAlmacenFX] [JavaFX-Launcher] j.LocalContainerEntityManagerFactoryBean : Initialized JPA EntityManagerFactory for persistence unit 'default'
2024-10-18T09:09:56.034-05:00  INFO 16132 --- [SysAlmacenFX] [JavaFX-Launcher] o.s.boot.SpringApplication               : Started application in 4.594 seconds (process running for 5.422)
2024-10-18T09:09:56.182-05:00  WARN 16132 --- [SysAlmacenFX] [JavaFX-Launcher] javafx                                   : Loading FXML document with JavaFX API of version 17.0.12 by JavaFX runtime of version 16
2024-10-18T09:10:44.172-05:00  INFO 16132 --- [SysAlmacenFX] [JavaFX Application Thread] j.LocalContainerEntityManagerFactoryBean : Closing JPA EntityManagerFactory for persistence unit 'default'
2024-10-18T09:10:44.174-05:00  INFO 16132 --- [SysAlmacenFX] [JavaFX Application Thread] com.zaxxer.hikari.HikariDataSource       : HikariPool-1 - Shutdown initiated...
2024-10-18T09:10:44.177-05:00  INFO 16132 --- [SysAlmacenFX] [JavaFX Application Thread] com.zaxxer.hikari.HikariDataSource       : HikariPool-1 - Shutdown completed.
2024-10-18T09:15:07.053-05:00  INFO 16196 --- [SysAlmacenFX] [JavaFX-Launcher] o.s.boot.SpringApplication               : Starting application using Java 23 with PID 16196 (started by PC-Laboratorio in D:\omar 2\OMAR-2\SysAlmacenFX)
2024-10-18T09:15:07.058-05:00  INFO 16196 --- [SysAlmacenFX] [JavaFX-Launcher] o.s.boot.SpringApplication               : No active profile set, falling back to 1 default profile: "default"
2024-10-18T09:15:07.804-05:00  INFO 16196 --- [SysAlmacenFX] [JavaFX-Launcher] .s.d.r.c.RepositoryConfigurationDelegate : Bootstrapping Spring Data JPA repositories in DEFAULT mode.
2024-10-18T09:15:07.883-05:00  INFO 16196 --- [SysAlmacenFX] [JavaFX-Launcher] .s.d.r.c.RepositoryConfigurationDelegate : Finished Spring Data repository scanning in 73 ms. Found 15 JPA repository interfaces.
2024-10-18T09:15:08.342-05:00  INFO 16196 --- [SysAlmacenFX] [JavaFX-Launcher] o.hibernate.jpa.internal.util.LogHelper  : HHH000204: Processing PersistenceUnitInfo [name: default]
2024-10-18T09:15:08.393-05:00  INFO 16196 --- [SysAlmacenFX] [JavaFX-Launcher] org.hibernate.Version                    : HHH000412: Hibernate ORM core version 6.5.3.Final
2024-10-18T09:15:08.423-05:00  INFO 16196 --- [SysAlmacenFX] [JavaFX-Launcher] o.h.c.internal.RegionFactoryInitiator    : HHH000026: Second-level cache disabled
2024-10-18T09:15:08.719-05:00  INFO 16196 --- [SysAlmacenFX] [JavaFX-Launcher] o.s.o.j.p.SpringPersistenceUnitInfo      : No LoadTimeWeaver setup: ignoring JPA class transformer
2024-10-18T09:15:08.758-05:00  INFO 16196 --- [SysAlmacenFX] [JavaFX-Launcher] com.zaxxer.hikari.HikariDataSource       : HikariPool-1 - Starting...
2024-10-18T09:15:08.907-05:00  INFO 16196 --- [SysAlmacenFX] [JavaFX-Launcher] com.zaxxer.hikari.pool.HikariPool        : HikariPool-1 - Added connection org.sqlite.jdbc4.JDBC4Connection@6548f9d3
2024-10-18T09:15:08.910-05:00  INFO 16196 --- [SysAlmacenFX] [JavaFX-Launcher] com.zaxxer.hikari.HikariDataSource       : HikariPool-1 - Start completed.
2024-10-18T09:15:10.048-05:00  INFO 16196 --- [SysAlmacenFX] [JavaFX-Launcher] o.h.e.t.j.p.i.JtaPlatformInitiator       : HHH000489: No JTA platform available (set 'hibernate.transaction.jta.platform' to enable JTA platform integration)
2024-10-18T09:15:10.089-05:00  INFO 16196 --- [SysAlmacenFX] [JavaFX-Launcher] j.LocalContainerEntityManagerFactoryBean : Initialized JPA EntityManagerFactory for persistence unit 'default'
2024-10-18T09:15:10.822-05:00  INFO 16196 --- [SysAlmacenFX] [JavaFX-Launcher] o.s.boot.SpringApplication               : Started application in 4.399 seconds (process running for 5.153)
2024-10-18T09:15:10.932-05:00  WARN 16196 --- [SysAlmacenFX] [JavaFX-Launcher] javafx                                   : Loading FXML document with JavaFX API of version 17.0.12 by JavaFX runtime of version 16
2024-10-18T09:25:57.082-05:00  INFO 16196 --- [SysAlmacenFX] [JavaFX Application Thread] j.LocalContainerEntityManagerFactoryBean : Closing JPA EntityManagerFactory for persistence unit 'default'
2024-10-18T09:25:57.087-05:00  INFO 16196 --- [SysAlmacenFX] [JavaFX Application Thread] com.zaxxer.hikari.HikariDataSource       : HikariPool-1 - Shutdown initiated...
2024-10-18T09:25:57.091-05:00  INFO 16196 --- [SysAlmacenFX] [JavaFX Application Thread] com.zaxxer.hikari.HikariDataSource       : HikariPool-1 - Shutdown completed.
2024-10-18T09:26:08.381-05:00  INFO 12700 --- [SysAlmacenFX] [JavaFX-Launcher] o.s.boot.SpringApplication               : Starting application using Java 23 with PID 12700 (started by PC-Laboratorio in D:\omar 2\OMAR-2\SysAlmacenFX)
2024-10-18T09:26:08.384-05:00  INFO 12700 --- [SysAlmacenFX] [JavaFX-Launcher] o.s.boot.SpringApplication               : No active profile set, falling back to 1 default profile: "default"
2024-10-18T09:26:09.126-05:00  INFO 12700 --- [SysAlmacenFX] [JavaFX-Launcher] .s.d.r.c.RepositoryConfigurationDelegate : Bootstrapping Spring Data JPA repositories in DEFAULT mode.
2024-10-18T09:26:09.208-05:00  INFO 12700 --- [SysAlmacenFX] [JavaFX-Launcher] .s.d.r.c.RepositoryConfigurationDelegate : Finished Spring Data repository scanning in 75 ms. Found 15 JPA repository interfaces.
2024-10-18T09:26:09.654-05:00  INFO 12700 --- [SysAlmacenFX] [JavaFX-Launcher] o.hibernate.jpa.internal.util.LogHelper  : HHH000204: Processing PersistenceUnitInfo [name: default]
2024-10-18T09:26:09.708-05:00  INFO 12700 --- [SysAlmacenFX] [JavaFX-Launcher] org.hibernate.Version                    : HHH000412: Hibernate ORM core version 6.5.3.Final
2024-10-18T09:26:09.738-05:00  INFO 12700 --- [SysAlmacenFX] [JavaFX-Launcher] o.h.c.internal.RegionFactoryInitiator    : HHH000026: Second-level cache disabled
2024-10-18T09:26:10.039-05:00  INFO 12700 --- [SysAlmacenFX] [JavaFX-Launcher] o.s.o.j.p.SpringPersistenceUnitInfo      : No LoadTimeWeaver setup: ignoring JPA class transformer
2024-10-18T09:26:10.077-05:00  INFO 12700 --- [SysAlmacenFX] [JavaFX-Launcher] com.zaxxer.hikari.HikariDataSource       : HikariPool-1 - Starting...
2024-10-18T09:26:10.226-05:00  INFO 12700 --- [SysAlmacenFX] [JavaFX-Launcher] com.zaxxer.hikari.pool.HikariPool        : HikariPool-1 - Added connection org.sqlite.jdbc4.JDBC4Connection@7744515c
2024-10-18T09:26:10.228-05:00  INFO 12700 --- [SysAlmacenFX] [JavaFX-Launcher] com.zaxxer.hikari.HikariDataSource       : HikariPool-1 - Start completed.
2024-10-18T09:26:11.333-05:00  INFO 12700 --- [SysAlmacenFX] [JavaFX-Launcher] o.h.e.t.j.p.i.JtaPlatformInitiator       : HHH000489: No JTA platform available (set 'hibernate.transaction.jta.platform' to enable JTA platform integration)
2024-10-18T09:26:11.370-05:00  INFO 12700 --- [SysAlmacenFX] [JavaFX-Launcher] j.LocalContainerEntityManagerFactoryBean : Initialized JPA EntityManagerFactory for persistence unit 'default'
2024-10-18T09:26:12.092-05:00  INFO 12700 --- [SysAlmacenFX] [JavaFX-Launcher] o.s.boot.SpringApplication               : Started application in 4.324 seconds (process running for 5.06)
2024-10-18T09:26:12.191-05:00  WARN 12700 --- [SysAlmacenFX] [JavaFX-Launcher] javafx                                   : Loading FXML document with JavaFX API of version 17.0.12 by JavaFX runtime of version 16
2024-10-18T09:26:24.692-05:00  INFO 12700 --- [SysAlmacenFX] [JavaFX Application Thread] j.LocalContainerEntityManagerFactoryBean : Closing JPA EntityManagerFactory for persistence unit 'default'
2024-10-18T09:26:24.694-05:00  INFO 12700 --- [SysAlmacenFX] [JavaFX Application Thread] com.zaxxer.hikari.HikariDataSource       : HikariPool-1 - Shutdown initiated...
2024-10-18T09:26:24.696-05:00  INFO 12700 --- [SysAlmacenFX] [JavaFX Application Thread] com.zaxxer.hikari.HikariDataSource       : HikariPool-1 - Shutdown completed.
2024-10-18T09:35:21.488-05:00  INFO 14452 --- [SysAlmacenFX] [JavaFX-Launcher] o.s.boot.SpringApplication               : Starting application using Java 23 with PID 14452 (started by PC-Laboratorio in D:\omar 2\OMAR-2\SysAlmacenFX)
2024-10-18T09:35:21.491-05:00  INFO 14452 --- [SysAlmacenFX] [JavaFX-Launcher] o.s.boot.SpringApplication               : No active profile set, falling back to 1 default profile: "default"
2024-10-18T09:35:22.242-05:00  INFO 14452 --- [SysAlmacenFX] [JavaFX-Launcher] .s.d.r.c.RepositoryConfigurationDelegate : Bootstrapping Spring Data JPA repositories in DEFAULT mode.
2024-10-18T09:35:22.325-05:00  INFO 14452 --- [SysAlmacenFX] [JavaFX-Launcher] .s.d.r.c.RepositoryConfigurationDelegate : Finished Spring Data repository scanning in 74 ms. Found 15 JPA repository interfaces.
2024-10-18T09:35:22.742-05:00  INFO 14452 --- [SysAlmacenFX] [JavaFX-Launcher] o.hibernate.jpa.internal.util.LogHelper  : HHH000204: Processing PersistenceUnitInfo [name: default]
2024-10-18T09:35:22.798-05:00  INFO 14452 --- [SysAlmacenFX] [JavaFX-Launcher] org.hibernate.Version                    : HHH000412: Hibernate ORM core version 6.5.3.Final
2024-10-18T09:35:22.823-05:00  INFO 14452 --- [SysAlmacenFX] [JavaFX-Launcher] o.h.c.internal.RegionFactoryInitiator    : HHH000026: Second-level cache disabled
2024-10-18T09:35:23.101-05:00  INFO 14452 --- [SysAlmacenFX] [JavaFX-Launcher] o.s.o.j.p.SpringPersistenceUnitInfo      : No LoadTimeWeaver setup: ignoring JPA class transformer
2024-10-18T09:35:23.134-05:00  INFO 14452 --- [SysAlmacenFX] [JavaFX-Launcher] com.zaxxer.hikari.HikariDataSource       : HikariPool-1 - Starting...
2024-10-18T09:35:23.279-05:00  INFO 14452 --- [SysAlmacenFX] [JavaFX-Launcher] com.zaxxer.hikari.pool.HikariPool        : HikariPool-1 - Added connection org.sqlite.jdbc4.JDBC4Connection@436b5d82
2024-10-18T09:35:23.280-05:00  INFO 14452 --- [SysAlmacenFX] [JavaFX-Launcher] com.zaxxer.hikari.HikariDataSource       : HikariPool-1 - Start completed.
2024-10-18T09:35:24.436-05:00  INFO 14452 --- [SysAlmacenFX] [JavaFX-Launcher] o.h.e.t.j.p.i.JtaPlatformInitiator       : HHH000489: No JTA platform available (set 'hibernate.transaction.jta.platform' to enable JTA platform integration)
2024-10-18T09:35:24.473-05:00  INFO 14452 --- [SysAlmacenFX] [JavaFX-Launcher] j.LocalContainerEntityManagerFactoryBean : Initialized JPA EntityManagerFactory for persistence unit 'default'
2024-10-18T09:35:25.292-05:00  INFO 14452 --- [SysAlmacenFX] [JavaFX-Launcher] o.s.boot.SpringApplication               : Started application in 4.422 seconds (process running for 5.132)
2024-10-18T09:35:25.372-05:00  WARN 14452 --- [SysAlmacenFX] [JavaFX-Launcher] javafx                                   : Loading FXML document with JavaFX API of version 17.0.12 by JavaFX runtime of version 16
2024-10-18T09:41:28.949-05:00  INFO 14452 --- [SysAlmacenFX] [JavaFX Application Thread] j.LocalContainerEntityManagerFactoryBean : Closing JPA EntityManagerFactory for persistence unit 'default'
2024-10-18T09:41:28.953-05:00  INFO 14452 --- [SysAlmacenFX] [JavaFX Application Thread] com.zaxxer.hikari.HikariDataSource       : HikariPool-1 - Shutdown initiated...
2024-10-18T09:41:28.959-05:00  INFO 14452 --- [SysAlmacenFX] [JavaFX Application Thread] com.zaxxer.hikari.HikariDataSource       : HikariPool-1 - Shutdown completed.
2024-10-18T09:41:44.009-05:00  INFO 12504 --- [SysAlmacenFX] [JavaFX-Launcher] o.s.boot.SpringApplication               : Starting application using Java 23 with PID 12504 (started by PC-Laboratorio in D:\omar 2\OMAR-2\SysAlmacenFX)
2024-10-18T09:41:44.013-05:00  INFO 12504 --- [SysAlmacenFX] [JavaFX-Launcher] o.s.boot.SpringApplication               : No active profile set, falling back to 1 default profile: "default"
2024-10-18T09:41:44.747-05:00  INFO 12504 --- [SysAlmacenFX] [JavaFX-Launcher] .s.d.r.c.RepositoryConfigurationDelegate : Bootstrapping Spring Data JPA repositories in DEFAULT mode.
2024-10-18T09:41:44.834-05:00  INFO 12504 --- [SysAlmacenFX] [JavaFX-Launcher] .s.d.r.c.RepositoryConfigurationDelegate : Finished Spring Data repository scanning in 78 ms. Found 15 JPA repository interfaces.
2024-10-18T09:41:45.268-05:00  INFO 12504 --- [SysAlmacenFX] [JavaFX-Launcher] o.hibernate.jpa.internal.util.LogHelper  : HHH000204: Processing PersistenceUnitInfo [name: default]
2024-10-18T09:41:45.326-05:00  INFO 12504 --- [SysAlmacenFX] [JavaFX-Launcher] org.hibernate.Version                    : HHH000412: Hibernate ORM core version 6.5.3.Final
2024-10-18T09:41:45.355-05:00  INFO 12504 --- [SysAlmacenFX] [JavaFX-Launcher] o.h.c.internal.RegionFactoryInitiator    : HHH000026: Second-level cache disabled
2024-10-18T09:41:45.629-05:00  INFO 12504 --- [SysAlmacenFX] [JavaFX-Launcher] o.s.o.j.p.SpringPersistenceUnitInfo      : No LoadTimeWeaver setup: ignoring JPA class transformer
2024-10-18T09:41:45.665-05:00  INFO 12504 --- [SysAlmacenFX] [JavaFX-Launcher] com.zaxxer.hikari.HikariDataSource       : HikariPool-1 - Starting...
2024-10-18T09:41:45.809-05:00  INFO 12504 --- [SysAlmacenFX] [JavaFX-Launcher] com.zaxxer.hikari.pool.HikariPool        : HikariPool-1 - Added connection org.sqlite.jdbc4.JDBC4Connection@64ab0553
2024-10-18T09:41:45.811-05:00  INFO 12504 --- [SysAlmacenFX] [JavaFX-Launcher] com.zaxxer.hikari.HikariDataSource       : HikariPool-1 - Start completed.
2024-10-18T09:41:46.914-05:00  INFO 12504 --- [SysAlmacenFX] [JavaFX-Launcher] o.h.e.t.j.p.i.JtaPlatformInitiator       : HHH000489: No JTA platform available (set 'hibernate.transaction.jta.platform' to enable JTA platform integration)
2024-10-18T09:41:46.956-05:00  INFO 12504 --- [SysAlmacenFX] [JavaFX-Launcher] j.LocalContainerEntityManagerFactoryBean : Initialized JPA EntityManagerFactory for persistence unit 'default'
2024-10-18T09:41:47.621-05:00  INFO 12504 --- [SysAlmacenFX] [JavaFX-Launcher] o.s.boot.SpringApplication               : Started application in 4.214 seconds (process running for 4.903)
2024-10-18T09:41:47.724-05:00  WARN 12504 --- [SysAlmacenFX] [JavaFX-Launcher] javafx                                   : Loading FXML document with JavaFX API of version 17.0.12 by JavaFX runtime of version 16
2024-10-18T09:45:05.720-05:00  INFO 12504 --- [SysAlmacenFX] [SpringApplicationShutdownHook] j.LocalContainerEntityManagerFactoryBean : Closing JPA EntityManagerFactory for persistence unit 'default'
2024-10-18T09:45:05.724-05:00  INFO 12504 --- [SysAlmacenFX] [SpringApplicationShutdownHook] com.zaxxer.hikari.HikariDataSource       : HikariPool-1 - Shutdown initiated...
2024-10-18T09:45:05.729-05:00  INFO 12504 --- [SysAlmacenFX] [SpringApplicationShutdownHook] com.zaxxer.hikari.HikariDataSource       : HikariPool-1 - Shutdown completed.
2024-10-18T09:45:10.619-05:00  INFO 13052 --- [SysAlmacenFX] [JavaFX-Launcher] o.s.boot.SpringApplication               : Starting application using Java 23 with PID 13052 (started by PC-Laboratorio in D:\omar 2\OMAR-2\SysAlmacenFX)
2024-10-18T09:45:10.625-05:00  INFO 13052 --- [SysAlmacenFX] [JavaFX-Launcher] o.s.boot.SpringApplication               : No active profile set, falling back to 1 default profile: "default"
2024-10-18T09:45:11.318-05:00  INFO 13052 --- [SysAlmacenFX] [JavaFX-Launcher] .s.d.r.c.RepositoryConfigurationDelegate : Bootstrapping Spring Data JPA repositories in DEFAULT mode.
2024-10-18T09:45:11.397-05:00  INFO 13052 --- [SysAlmacenFX] [JavaFX-Launcher] .s.d.r.c.RepositoryConfigurationDelegate : Finished Spring Data repository scanning in 71 ms. Found 15 JPA repository interfaces.
2024-10-18T09:45:11.831-05:00  INFO 13052 --- [SysAlmacenFX] [JavaFX-Launcher] o.hibernate.jpa.internal.util.LogHelper  : HHH000204: Processing PersistenceUnitInfo [name: default]
2024-10-18T09:45:11.873-05:00  INFO 13052 --- [SysAlmacenFX] [JavaFX-Launcher] org.hibernate.Version                    : HHH000412: Hibernate ORM core version 6.5.3.Final
2024-10-18T09:45:11.900-05:00  INFO 13052 --- [SysAlmacenFX] [JavaFX-Launcher] o.h.c.internal.RegionFactoryInitiator    : HHH000026: Second-level cache disabled
2024-10-18T09:45:12.168-05:00  INFO 13052 --- [SysAlmacenFX] [JavaFX-Launcher] o.s.o.j.p.SpringPersistenceUnitInfo      : No LoadTimeWeaver setup: ignoring JPA class transformer
2024-10-18T09:45:12.198-05:00  INFO 13052 --- [SysAlmacenFX] [JavaFX-Launcher] com.zaxxer.hikari.HikariDataSource       : HikariPool-1 - Starting...
2024-10-18T09:45:12.338-05:00  INFO 13052 --- [SysAlmacenFX] [JavaFX-Launcher] com.zaxxer.hikari.pool.HikariPool        : HikariPool-1 - Added connection org.sqlite.jdbc4.JDBC4Connection@3446a56b
2024-10-18T09:45:12.340-05:00  INFO 13052 --- [SysAlmacenFX] [JavaFX-Launcher] com.zaxxer.hikari.HikariDataSource       : HikariPool-1 - Start completed.
2024-10-18T09:45:13.464-05:00  INFO 13052 --- [SysAlmacenFX] [JavaFX-Launcher] o.h.e.t.j.p.i.JtaPlatformInitiator       : HHH000489: No JTA platform available (set 'hibernate.transaction.jta.platform' to enable JTA platform integration)
2024-10-18T09:45:13.505-05:00  INFO 13052 --- [SysAlmacenFX] [JavaFX-Launcher] j.LocalContainerEntityManagerFactoryBean : Initialized JPA EntityManagerFactory for persistence unit 'default'
2024-10-18T09:45:14.225-05:00  INFO 13052 --- [SysAlmacenFX] [JavaFX-Launcher] o.s.boot.SpringApplication               : Started application in 4.24 seconds (process running for 4.985)
2024-10-18T09:45:14.304-05:00  WARN 13052 --- [SysAlmacenFX] [JavaFX-Launcher] javafx                                   : Loading FXML document with JavaFX API of version 17.0.12 by JavaFX runtime of version 16
2024-10-18T09:52:10.924-05:00  INFO 13052 --- [SysAlmacenFX] [SpringApplicationShutdownHook] j.LocalContainerEntityManagerFactoryBean : Closing JPA EntityManagerFactory for persistence unit 'default'
2024-10-18T09:52:10.929-05:00  INFO 13052 --- [SysAlmacenFX] [SpringApplicationShutdownHook] com.zaxxer.hikari.HikariDataSource       : HikariPool-1 - Shutdown initiated...
2024-10-18T09:52:10.934-05:00  INFO 13052 --- [SysAlmacenFX] [SpringApplicationShutdownHook] com.zaxxer.hikari.HikariDataSource       : HikariPool-1 - Shutdown completed.
2024-10-18T09:52:15.476-05:00  INFO 6792 --- [SysAlmacenFX] [JavaFX-Launcher] o.s.boot.SpringApplication               : Starting application using Java 23 with PID 6792 (started by PC-Laboratorio in D:\omar 2\OMAR-2\SysAlmacenFX)
2024-10-18T09:52:15.479-05:00  INFO 6792 --- [SysAlmacenFX] [JavaFX-Launcher] o.s.boot.SpringApplication               : No active profile set, falling back to 1 default profile: "default"
2024-10-18T09:52:16.166-05:00  INFO 6792 --- [SysAlmacenFX] [JavaFX-Launcher] .s.d.r.c.RepositoryConfigurationDelegate : Bootstrapping Spring Data JPA repositories in DEFAULT mode.
2024-10-18T09:52:16.248-05:00  INFO 6792 --- [SysAlmacenFX] [JavaFX-Launcher] .s.d.r.c.RepositoryConfigurationDelegate : Finished Spring Data repository scanning in 74 ms. Found 15 JPA repository interfaces.
2024-10-18T09:52:16.682-05:00  INFO 6792 --- [SysAlmacenFX] [JavaFX-Launcher] o.hibernate.jpa.internal.util.LogHelper  : HHH000204: Processing PersistenceUnitInfo [name: default]
2024-10-18T09:52:16.754-05:00  INFO 6792 --- [SysAlmacenFX] [JavaFX-Launcher] org.hibernate.Version                    : HHH000412: Hibernate ORM core version 6.5.3.Final
2024-10-18T09:52:16.796-05:00  INFO 6792 --- [SysAlmacenFX] [JavaFX-Launcher] o.h.c.internal.RegionFactoryInitiator    : HHH000026: Second-level cache disabled
2024-10-18T09:52:17.113-05:00  INFO 6792 --- [SysAlmacenFX] [JavaFX-Launcher] o.s.o.j.p.SpringPersistenceUnitInfo      : No LoadTimeWeaver setup: ignoring JPA class transformer
2024-10-18T09:52:17.154-05:00  INFO 6792 --- [SysAlmacenFX] [JavaFX-Launcher] com.zaxxer.hikari.HikariDataSource       : HikariPool-1 - Starting...
2024-10-18T09:52:17.314-05:00  INFO 6792 --- [SysAlmacenFX] [JavaFX-Launcher] com.zaxxer.hikari.pool.HikariPool        : HikariPool-1 - Added connection org.sqlite.jdbc4.JDBC4Connection@35f21fd1
2024-10-18T09:52:17.317-05:00  INFO 6792 --- [SysAlmacenFX] [JavaFX-Launcher] com.zaxxer.hikari.HikariDataSource       : HikariPool-1 - Start completed.
2024-10-18T09:52:18.543-05:00  INFO 6792 --- [SysAlmacenFX] [JavaFX-Launcher] o.h.e.t.j.p.i.JtaPlatformInitiator       : HHH000489: No JTA platform available (set 'hibernate.transaction.jta.platform' to enable JTA platform integration)
2024-10-18T09:52:18.582-05:00  INFO 6792 --- [SysAlmacenFX] [JavaFX-Launcher] j.LocalContainerEntityManagerFactoryBean : Initialized JPA EntityManagerFactory for persistence unit 'default'
2024-10-18T09:52:19.307-05:00  INFO 6792 --- [SysAlmacenFX] [JavaFX-Launcher] o.s.boot.SpringApplication               : Started application in 4.475 seconds (process running for 5.228)
2024-10-18T09:52:19.385-05:00  WARN 6792 --- [SysAlmacenFX] [JavaFX-Launcher] javafx                                   : Loading FXML document with JavaFX API of version 17.0.12 by JavaFX runtime of version 16
2024-10-18T09:53:13.584-05:00  INFO 6792 --- [SysAlmacenFX] [SpringApplicationShutdownHook] j.LocalContainerEntityManagerFactoryBean : Closing JPA EntityManagerFactory for persistence unit 'default'
2024-10-18T09:53:13.587-05:00  INFO 6792 --- [SysAlmacenFX] [SpringApplicationShutdownHook] com.zaxxer.hikari.HikariDataSource       : HikariPool-1 - Shutdown initiated...
2024-10-18T09:53:13.590-05:00  INFO 6792 --- [SysAlmacenFX] [SpringApplicationShutdownHook] com.zaxxer.hikari.HikariDataSource       : HikariPool-1 - Shutdown completed.
2024-10-18T09:53:17.996-05:00  INFO 6080 --- [SysAlmacenFX] [JavaFX-Launcher] o.s.boot.SpringApplication               : Starting application using Java 23 with PID 6080 (started by PC-Laboratorio in D:\omar 2\OMAR-2\SysAlmacenFX)
2024-10-18T09:53:17.998-05:00  INFO 6080 --- [SysAlmacenFX] [JavaFX-Launcher] o.s.boot.SpringApplication               : No active profile set, falling back to 1 default profile: "default"
2024-10-18T09:53:18.718-05:00  INFO 6080 --- [SysAlmacenFX] [JavaFX-Launcher] .s.d.r.c.RepositoryConfigurationDelegate : Bootstrapping Spring Data JPA repositories in DEFAULT mode.
2024-10-18T09:53:18.799-05:00  INFO 6080 --- [SysAlmacenFX] [JavaFX-Launcher] .s.d.r.c.RepositoryConfigurationDelegate : Finished Spring Data repository scanning in 73 ms. Found 15 JPA repository interfaces.
2024-10-18T09:53:19.240-05:00  INFO 6080 --- [SysAlmacenFX] [JavaFX-Launcher] o.hibernate.jpa.internal.util.LogHelper  : HHH000204: Processing PersistenceUnitInfo [name: default]
2024-10-18T09:53:19.296-05:00  INFO 6080 --- [SysAlmacenFX] [JavaFX-Launcher] org.hibernate.Version                    : HHH000412: Hibernate ORM core version 6.5.3.Final
2024-10-18T09:53:19.330-05:00  INFO 6080 --- [SysAlmacenFX] [JavaFX-Launcher] o.h.c.internal.RegionFactoryInitiator    : HHH000026: Second-level cache disabled
2024-10-18T09:53:19.596-05:00  INFO 6080 --- [SysAlmacenFX] [JavaFX-Launcher] o.s.o.j.p.SpringPersistenceUnitInfo      : No LoadTimeWeaver setup: ignoring JPA class transformer
2024-10-18T09:53:19.625-05:00  INFO 6080 --- [SysAlmacenFX] [JavaFX-Launcher] com.zaxxer.hikari.HikariDataSource       : HikariPool-1 - Starting...
2024-10-18T09:53:19.766-05:00  INFO 6080 --- [SysAlmacenFX] [JavaFX-Launcher] com.zaxxer.hikari.pool.HikariPool        : HikariPool-1 - Added connection org.sqlite.jdbc4.JDBC4Connection@1fc33517
2024-10-18T09:53:19.767-05:00  INFO 6080 --- [SysAlmacenFX] [JavaFX-Launcher] com.zaxxer.hikari.HikariDataSource       : HikariPool-1 - Start completed.
2024-10-18T09:53:20.875-05:00  INFO 6080 --- [SysAlmacenFX] [JavaFX-Launcher] o.h.e.t.j.p.i.JtaPlatformInitiator       : HHH000489: No JTA platform available (set 'hibernate.transaction.jta.platform' to enable JTA platform integration)
2024-10-18T09:53:20.912-05:00  INFO 6080 --- [SysAlmacenFX] [JavaFX-Launcher] j.LocalContainerEntityManagerFactoryBean : Initialized JPA EntityManagerFactory for persistence unit 'default'
2024-10-18T09:53:21.555-05:00  INFO 6080 --- [SysAlmacenFX] [JavaFX-Launcher] o.s.boot.SpringApplication               : Started application in 4.191 seconds (process running for 4.915)
2024-10-18T09:53:21.642-05:00  WARN 6080 --- [SysAlmacenFX] [JavaFX-Launcher] javafx                                   : Loading FXML document with JavaFX API of version 17.0.12 by JavaFX runtime of version 16
2024-10-18T09:53:52.007-05:00  INFO 6080 --- [SysAlmacenFX] [SpringApplicationShutdownHook] j.LocalContainerEntityManagerFactoryBean : Closing JPA EntityManagerFactory for persistence unit 'default'
2024-10-18T09:53:52.010-05:00  INFO 6080 --- [SysAlmacenFX] [SpringApplicationShutdownHook] com.zaxxer.hikari.HikariDataSource       : HikariPool-1 - Shutdown initiated...
2024-10-18T09:53:52.013-05:00  INFO 6080 --- [SysAlmacenFX] [SpringApplicationShutdownHook] com.zaxxer.hikari.HikariDataSource       : HikariPool-1 - Shutdown completed.
2024-10-18T09:53:56.929-05:00  INFO 12700 --- [SysAlmacenFX] [JavaFX-Launcher] o.s.boot.SpringApplication               : Starting application using Java 23 with PID 12700 (started by PC-Laboratorio in D:\omar 2\OMAR-2\SysAlmacenFX)
2024-10-18T09:53:56.931-05:00  INFO 12700 --- [SysAlmacenFX] [JavaFX-Launcher] o.s.boot.SpringApplication               : No active profile set, falling back to 1 default profile: "default"
2024-10-18T09:53:57.636-05:00  INFO 12700 --- [SysAlmacenFX] [JavaFX-Launcher] .s.d.r.c.RepositoryConfigurationDelegate : Bootstrapping Spring Data JPA repositories in DEFAULT mode.
2024-10-18T09:53:57.717-05:00  INFO 12700 --- [SysAlmacenFX] [JavaFX-Launcher] .s.d.r.c.RepositoryConfigurationDelegate : Finished Spring Data repository scanning in 75 ms. Found 15 JPA repository interfaces.
2024-10-18T09:53:58.144-05:00  INFO 12700 --- [SysAlmacenFX] [JavaFX-Launcher] o.hibernate.jpa.internal.util.LogHelper  : HHH000204: Processing PersistenceUnitInfo [name: default]
2024-10-18T09:53:58.195-05:00  INFO 12700 --- [SysAlmacenFX] [JavaFX-Launcher] org.hibernate.Version                    : HHH000412: Hibernate ORM core version 6.5.3.Final
2024-10-18T09:53:58.231-05:00  INFO 12700 --- [SysAlmacenFX] [JavaFX-Launcher] o.h.c.internal.RegionFactoryInitiator    : HHH000026: Second-level cache disabled
2024-10-18T09:53:58.514-05:00  INFO 12700 --- [SysAlmacenFX] [JavaFX-Launcher] o.s.o.j.p.SpringPersistenceUnitInfo      : No LoadTimeWeaver setup: ignoring JPA class transformer
2024-10-18T09:53:58.551-05:00  INFO 12700 --- [SysAlmacenFX] [JavaFX-Launcher] com.zaxxer.hikari.HikariDataSource       : HikariPool-1 - Starting...
2024-10-18T09:53:58.692-05:00  INFO 12700 --- [SysAlmacenFX] [JavaFX-Launcher] com.zaxxer.hikari.pool.HikariPool        : HikariPool-1 - Added connection org.sqlite.jdbc4.JDBC4Connection@71b53106
2024-10-18T09:53:58.694-05:00  INFO 12700 --- [SysAlmacenFX] [JavaFX-Launcher] com.zaxxer.hikari.HikariDataSource       : HikariPool-1 - Start completed.
2024-10-18T09:53:59.792-05:00  INFO 12700 --- [SysAlmacenFX] [JavaFX-Launcher] o.h.e.t.j.p.i.JtaPlatformInitiator       : HHH000489: No JTA platform available (set 'hibernate.transaction.jta.platform' to enable JTA platform integration)
2024-10-18T09:53:59.829-05:00  INFO 12700 --- [SysAlmacenFX] [JavaFX-Launcher] j.LocalContainerEntityManagerFactoryBean : Initialized JPA EntityManagerFactory for persistence unit 'default'
2024-10-18T09:54:00.431-05:00  INFO 12700 --- [SysAlmacenFX] [JavaFX-Launcher] o.s.boot.SpringApplication               : Started application in 4.098 seconds (process running for 4.798)
2024-10-18T09:54:00.522-05:00  WARN 12700 --- [SysAlmacenFX] [JavaFX-Launcher] javafx                                   : Loading FXML document with JavaFX API of version 17.0.12 by JavaFX runtime of version 16
2024-10-18T09:54:17.027-05:00  INFO 12700 --- [SysAlmacenFX] [SpringApplicationShutdownHook] j.LocalContainerEntityManagerFactoryBean : Closing JPA EntityManagerFactory for persistence unit 'default'
2024-10-18T09:54:17.030-05:00  INFO 12700 --- [SysAlmacenFX] [SpringApplicationShutdownHook] com.zaxxer.hikari.HikariDataSource       : HikariPool-1 - Shutdown initiated...
2024-10-18T09:54:17.036-05:00  INFO 12700 --- [SysAlmacenFX] [SpringApplicationShutdownHook] com.zaxxer.hikari.HikariDataSource       : HikariPool-1 - Shutdown completed.
2024-10-18T09:54:20.081-05:00  INFO 10128 --- [SysAlmacenFX] [JavaFX-Launcher] o.s.boot.SpringApplication               : Starting application using Java 23 with PID 10128 (started by PC-Laboratorio in D:\omar 2\OMAR-2\SysAlmacenFX)
2024-10-18T09:54:20.082-05:00  INFO 10128 --- [SysAlmacenFX] [JavaFX-Launcher] o.s.boot.SpringApplication               : No active profile set, falling back to 1 default profile: "default"
2024-10-18T09:54:20.786-05:00  INFO 10128 --- [SysAlmacenFX] [JavaFX-Launcher] .s.d.r.c.RepositoryConfigurationDelegate : Bootstrapping Spring Data JPA repositories in DEFAULT mode.
2024-10-18T09:54:20.865-05:00  INFO 10128 --- [SysAlmacenFX] [JavaFX-Launcher] .s.d.r.c.RepositoryConfigurationDelegate : Finished Spring Data repository scanning in 72 ms. Found 15 JPA repository interfaces.
2024-10-18T09:54:21.274-05:00  INFO 10128 --- [SysAlmacenFX] [JavaFX-Launcher] o.hibernate.jpa.internal.util.LogHelper  : HHH000204: Processing PersistenceUnitInfo [name: default]
2024-10-18T09:54:21.340-05:00  INFO 10128 --- [SysAlmacenFX] [JavaFX-Launcher] org.hibernate.Version                    : HHH000412: Hibernate ORM core version 6.5.3.Final
2024-10-18T09:54:21.372-05:00  INFO 10128 --- [SysAlmacenFX] [JavaFX-Launcher] o.h.c.internal.RegionFactoryInitiator    : HHH000026: Second-level cache disabled
2024-10-18T09:54:21.660-05:00  INFO 10128 --- [SysAlmacenFX] [JavaFX-Launcher] o.s.o.j.p.SpringPersistenceUnitInfo      : No LoadTimeWeaver setup: ignoring JPA class transformer
2024-10-18T09:54:21.692-05:00  INFO 10128 --- [SysAlmacenFX] [JavaFX-Launcher] com.zaxxer.hikari.HikariDataSource       : HikariPool-1 - Starting...
2024-10-18T09:54:21.832-05:00  INFO 10128 --- [SysAlmacenFX] [JavaFX-Launcher] com.zaxxer.hikari.pool.HikariPool        : HikariPool-1 - Added connection org.sqlite.jdbc4.JDBC4Connection@c646659
2024-10-18T09:54:21.833-05:00  INFO 10128 --- [SysAlmacenFX] [JavaFX-Launcher] com.zaxxer.hikari.HikariDataSource       : HikariPool-1 - Start completed.
2024-10-18T09:54:22.956-05:00  INFO 10128 --- [SysAlmacenFX] [JavaFX-Launcher] o.h.e.t.j.p.i.JtaPlatformInitiator       : HHH000489: No JTA platform available (set 'hibernate.transaction.jta.platform' to enable JTA platform integration)
2024-10-18T09:54:22.993-05:00  INFO 10128 --- [SysAlmacenFX] [JavaFX-Launcher] j.LocalContainerEntityManagerFactoryBean : Initialized JPA EntityManagerFactory for persistence unit 'default'
2024-10-18T09:54:23.585-05:00  INFO 10128 --- [SysAlmacenFX] [JavaFX-Launcher] o.s.boot.SpringApplication               : Started application in 4.095 seconds (process running for 4.78)
2024-10-18T09:54:23.669-05:00  WARN 10128 --- [SysAlmacenFX] [JavaFX-Launcher] javafx                                   : Loading FXML document with JavaFX API of version 17.0.12 by JavaFX runtime of version 16
2024-10-18T09:54:41.788-05:00  INFO 10128 --- [SysAlmacenFX] [JavaFX Application Thread] j.LocalContainerEntityManagerFactoryBean : Closing JPA EntityManagerFactory for persistence unit 'default'
2024-10-18T09:54:41.790-05:00  INFO 10128 --- [SysAlmacenFX] [JavaFX Application Thread] com.zaxxer.hikari.HikariDataSource       : HikariPool-1 - Shutdown initiated...
2024-10-18T09:54:41.794-05:00  INFO 10128 --- [SysAlmacenFX] [JavaFX Application Thread] com.zaxxer.hikari.HikariDataSource       : HikariPool-1 - Shutdown completed.
2024-10-18T10:19:50.094-05:00  INFO 16196 --- [SysAlmacenFX] [JavaFX-Launcher] o.s.boot.SpringApplication               : Starting application using Java 23 with PID 16196 (started by PC-Laboratorio in D:\omar 2\OMAR-2\SysAlmacenFX)
2024-10-18T10:19:50.098-05:00  INFO 16196 --- [SysAlmacenFX] [JavaFX-Launcher] o.s.boot.SpringApplication               : No active profile set, falling back to 1 default profile: "default"
2024-10-18T10:19:50.994-05:00  INFO 16196 --- [SysAlmacenFX] [JavaFX-Launcher] .s.d.r.c.RepositoryConfigurationDelegate : Bootstrapping Spring Data JPA repositories in DEFAULT mode.
2024-10-18T10:19:51.080-05:00  INFO 16196 --- [SysAlmacenFX] [JavaFX-Launcher] .s.d.r.c.RepositoryConfigurationDelegate : Finished Spring Data repository scanning in 79 ms. Found 15 JPA repository interfaces.
2024-10-18T10:19:51.545-05:00  INFO 16196 --- [SysAlmacenFX] [JavaFX-Launcher] o.hibernate.jpa.internal.util.LogHelper  : HHH000204: Processing PersistenceUnitInfo [name: default]
2024-10-18T10:19:51.598-05:00  INFO 16196 --- [SysAlmacenFX] [JavaFX-Launcher] org.hibernate.Version                    : HHH000412: Hibernate ORM core version 6.5.3.Final
2024-10-18T10:19:51.630-05:00  INFO 16196 --- [SysAlmacenFX] [JavaFX-Launcher] o.h.c.internal.RegionFactoryInitiator    : HHH000026: Second-level cache disabled
2024-10-18T10:19:51.928-05:00  INFO 16196 --- [SysAlmacenFX] [JavaFX-Launcher] o.s.o.j.p.SpringPersistenceUnitInfo      : No LoadTimeWeaver setup: ignoring JPA class transformer
2024-10-18T10:19:51.971-05:00  INFO 16196 --- [SysAlmacenFX] [JavaFX-Launcher] com.zaxxer.hikari.HikariDataSource       : HikariPool-1 - Starting...
2024-10-18T10:19:52.159-05:00  INFO 16196 --- [SysAlmacenFX] [JavaFX-Launcher] com.zaxxer.hikari.pool.HikariPool        : HikariPool-1 - Added connection org.sqlite.jdbc4.JDBC4Connection@354734a4
2024-10-18T10:19:52.161-05:00  INFO 16196 --- [SysAlmacenFX] [JavaFX-Launcher] com.zaxxer.hikari.HikariDataSource       : HikariPool-1 - Start completed.
2024-10-18T10:19:53.344-05:00  INFO 16196 --- [SysAlmacenFX] [JavaFX-Launcher] o.h.e.t.j.p.i.JtaPlatformInitiator       : HHH000489: No JTA platform available (set 'hibernate.transaction.jta.platform' to enable JTA platform integration)
2024-10-18T10:19:53.384-05:00  INFO 16196 --- [SysAlmacenFX] [JavaFX-Launcher] j.LocalContainerEntityManagerFactoryBean : Initialized JPA EntityManagerFactory for persistence unit 'default'
2024-10-18T10:19:54.113-05:00  INFO 16196 --- [SysAlmacenFX] [JavaFX-Launcher] o.s.boot.SpringApplication               : Started application in 4.643 seconds (process running for 5.519)
2024-10-18T10:19:54.232-05:00  WARN 16196 --- [SysAlmacenFX] [JavaFX-Launcher] javafx                                   : Loading FXML document with JavaFX API of version 17.0.12 by JavaFX runtime of version 16
2024-10-18T10:23:55.947-05:00  INFO 16196 --- [SysAlmacenFX] [SpringApplicationShutdownHook] j.LocalContainerEntityManagerFactoryBean : Closing JPA EntityManagerFactory for persistence unit 'default'
2024-10-18T10:23:55.951-05:00  INFO 16196 --- [SysAlmacenFX] [SpringApplicationShutdownHook] com.zaxxer.hikari.HikariDataSource       : HikariPool-1 - Shutdown initiated...
2024-10-18T10:23:55.956-05:00  INFO 16196 --- [SysAlmacenFX] [SpringApplicationShutdownHook] com.zaxxer.hikari.HikariDataSource       : HikariPool-1 - Shutdown completed.
2024-10-18T10:24:00.685-05:00  INFO 3652 --- [SysAlmacenFX] [JavaFX-Launcher] o.s.boot.SpringApplication               : Starting application using Java 23 with PID 3652 (started by PC-Laboratorio in D:\omar 2\OMAR-2\SysAlmacenFX)
2024-10-18T10:24:00.689-05:00  INFO 3652 --- [SysAlmacenFX] [JavaFX-Launcher] o.s.boot.SpringApplication               : No active profile set, falling back to 1 default profile: "default"
2024-10-18T10:24:01.429-05:00  INFO 3652 --- [SysAlmacenFX] [JavaFX-Launcher] .s.d.r.c.RepositoryConfigurationDelegate : Bootstrapping Spring Data JPA repositories in DEFAULT mode.
2024-10-18T10:24:01.511-05:00  INFO 3652 --- [SysAlmacenFX] [JavaFX-Launcher] .s.d.r.c.RepositoryConfigurationDelegate : Finished Spring Data repository scanning in 75 ms. Found 15 JPA repository interfaces.
2024-10-18T10:24:01.947-05:00  INFO 3652 --- [SysAlmacenFX] [JavaFX-Launcher] o.hibernate.jpa.internal.util.LogHelper  : HHH000204: Processing PersistenceUnitInfo [name: default]
2024-10-18T10:24:02.010-05:00  INFO 3652 --- [SysAlmacenFX] [JavaFX-Launcher] org.hibernate.Version                    : HHH000412: Hibernate ORM core version 6.5.3.Final
2024-10-18T10:24:02.044-05:00  INFO 3652 --- [SysAlmacenFX] [JavaFX-Launcher] o.h.c.internal.RegionFactoryInitiator    : HHH000026: Second-level cache disabled
2024-10-18T10:24:02.340-05:00  INFO 3652 --- [SysAlmacenFX] [JavaFX-Launcher] o.s.o.j.p.SpringPersistenceUnitInfo      : No LoadTimeWeaver setup: ignoring JPA class transformer
2024-10-18T10:24:02.376-05:00  INFO 3652 --- [SysAlmacenFX] [JavaFX-Launcher] com.zaxxer.hikari.HikariDataSource       : HikariPool-1 - Starting...
2024-10-18T10:24:02.527-05:00  INFO 3652 --- [SysAlmacenFX] [JavaFX-Launcher] com.zaxxer.hikari.pool.HikariPool        : HikariPool-1 - Added connection org.sqlite.jdbc4.JDBC4Connection@2fa8e818
2024-10-18T10:24:02.528-05:00  INFO 3652 --- [SysAlmacenFX] [JavaFX-Launcher] com.zaxxer.hikari.HikariDataSource       : HikariPool-1 - Start completed.
2024-10-18T10:24:03.673-05:00  INFO 3652 --- [SysAlmacenFX] [JavaFX-Launcher] o.h.e.t.j.p.i.JtaPlatformInitiator       : HHH000489: No JTA platform available (set 'hibernate.transaction.jta.platform' to enable JTA platform integration)
2024-10-18T10:24:03.711-05:00  INFO 3652 --- [SysAlmacenFX] [JavaFX-Launcher] j.LocalContainerEntityManagerFactoryBean : Initialized JPA EntityManagerFactory for persistence unit 'default'
2024-10-18T10:24:04.372-05:00  INFO 3652 --- [SysAlmacenFX] [JavaFX-Launcher] o.s.boot.SpringApplication               : Started application in 4.345 seconds (process running for 5.068)
2024-10-18T10:24:04.472-05:00  WARN 3652 --- [SysAlmacenFX] [JavaFX-Launcher] javafx                                   : Loading FXML document with JavaFX API of version 17.0.12 by JavaFX runtime of version 16
2024-10-18T10:27:23.244-05:00  INFO 3652 --- [SysAlmacenFX] [SpringApplicationShutdownHook] j.LocalContainerEntityManagerFactoryBean : Closing JPA EntityManagerFactory for persistence unit 'default'
2024-10-18T10:27:23.246-05:00  INFO 3652 --- [SysAlmacenFX] [SpringApplicationShutdownHook] com.zaxxer.hikari.HikariDataSource       : HikariPool-1 - Shutdown initiated...
2024-10-18T10:27:23.250-05:00  INFO 3652 --- [SysAlmacenFX] [SpringApplicationShutdownHook] com.zaxxer.hikari.HikariDataSource       : HikariPool-1 - Shutdown completed.
2024-10-18T10:27:27.967-05:00  INFO 2624 --- [SysAlmacenFX] [JavaFX-Launcher] o.s.boot.SpringApplication               : Starting application using Java 23 with PID 2624 (started by PC-Laboratorio in D:\omar 2\OMAR-2\SysAlmacenFX)
2024-10-18T10:27:27.970-05:00  INFO 2624 --- [SysAlmacenFX] [JavaFX-Launcher] o.s.boot.SpringApplication               : No active profile set, falling back to 1 default profile: "default"
2024-10-18T10:27:28.758-05:00  INFO 2624 --- [SysAlmacenFX] [JavaFX-Launcher] .s.d.r.c.RepositoryConfigurationDelegate : Bootstrapping Spring Data JPA repositories in DEFAULT mode.
2024-10-18T10:27:28.837-05:00  INFO 2624 --- [SysAlmacenFX] [JavaFX-Launcher] .s.d.r.c.RepositoryConfigurationDelegate : Finished Spring Data repository scanning in 73 ms. Found 15 JPA repository interfaces.
2024-10-18T10:27:29.288-05:00  INFO 2624 --- [SysAlmacenFX] [JavaFX-Launcher] o.hibernate.jpa.internal.util.LogHelper  : HHH000204: Processing PersistenceUnitInfo [name: default]
2024-10-18T10:27:29.352-05:00  INFO 2624 --- [SysAlmacenFX] [JavaFX-Launcher] org.hibernate.Version                    : HHH000412: Hibernate ORM core version 6.5.3.Final
2024-10-18T10:27:29.380-05:00  INFO 2624 --- [SysAlmacenFX] [JavaFX-Launcher] o.h.c.internal.RegionFactoryInitiator    : HHH000026: Second-level cache disabled
2024-10-18T10:27:29.657-05:00  INFO 2624 --- [SysAlmacenFX] [JavaFX-Launcher] o.s.o.j.p.SpringPersistenceUnitInfo      : No LoadTimeWeaver setup: ignoring JPA class transformer
2024-10-18T10:27:29.690-05:00  INFO 2624 --- [SysAlmacenFX] [JavaFX-Launcher] com.zaxxer.hikari.HikariDataSource       : HikariPool-1 - Starting...
2024-10-18T10:27:29.871-05:00  INFO 2624 --- [SysAlmacenFX] [JavaFX-Launcher] com.zaxxer.hikari.pool.HikariPool        : HikariPool-1 - Added connection org.sqlite.jdbc4.JDBC4Connection@7040f41b
2024-10-18T10:27:29.873-05:00  INFO 2624 --- [SysAlmacenFX] [JavaFX-Launcher] com.zaxxer.hikari.HikariDataSource       : HikariPool-1 - Start completed.
2024-10-18T10:27:31.046-05:00  INFO 2624 --- [SysAlmacenFX] [JavaFX-Launcher] o.h.e.t.j.p.i.JtaPlatformInitiator       : HHH000489: No JTA platform available (set 'hibernate.transaction.jta.platform' to enable JTA platform integration)
2024-10-18T10:27:31.083-05:00  INFO 2624 --- [SysAlmacenFX] [JavaFX-Launcher] j.LocalContainerEntityManagerFactoryBean : Initialized JPA EntityManagerFactory for persistence unit 'default'
2024-10-18T10:27:31.771-05:00  INFO 2624 --- [SysAlmacenFX] [JavaFX-Launcher] o.s.boot.SpringApplication               : Started application in 4.486 seconds (process running for 5.212)
2024-10-18T10:27:31.844-05:00  WARN 2624 --- [SysAlmacenFX] [JavaFX-Launcher] javafx                                   : Loading FXML document with JavaFX API of version 17.0.12 by JavaFX runtime of version 16
2024-10-18T10:28:22.581-05:00  INFO 2624 --- [SysAlmacenFX] [SpringApplicationShutdownHook] j.LocalContainerEntityManagerFactoryBean : Closing JPA EntityManagerFactory for persistence unit 'default'
2024-10-18T10:28:22.584-05:00  INFO 2624 --- [SysAlmacenFX] [SpringApplicationShutdownHook] com.zaxxer.hikari.HikariDataSource       : HikariPool-1 - Shutdown initiated...
2024-10-18T10:28:22.589-05:00  INFO 2624 --- [SysAlmacenFX] [SpringApplicationShutdownHook] com.zaxxer.hikari.HikariDataSource       : HikariPool-1 - Shutdown completed.
2024-10-18T10:28:27.648-05:00  INFO 11564 --- [SysAlmacenFX] [JavaFX-Launcher] o.s.boot.SpringApplication               : Starting application using Java 23 with PID 11564 (started by PC-Laboratorio in D:\omar 2\OMAR-2\SysAlmacenFX)
2024-10-18T10:28:27.651-05:00  INFO 11564 --- [SysAlmacenFX] [JavaFX-Launcher] o.s.boot.SpringApplication               : No active profile set, falling back to 1 default profile: "default"
2024-10-18T10:28:28.488-05:00  INFO 11564 --- [SysAlmacenFX] [JavaFX-Launcher] .s.d.r.c.RepositoryConfigurationDelegate : Bootstrapping Spring Data JPA repositories in DEFAULT mode.
2024-10-18T10:28:28.569-05:00  INFO 11564 --- [SysAlmacenFX] [JavaFX-Launcher] .s.d.r.c.RepositoryConfigurationDelegate : Finished Spring Data repository scanning in 74 ms. Found 15 JPA repository interfaces.
2024-10-18T10:28:29.016-05:00  INFO 11564 --- [SysAlmacenFX] [JavaFX-Launcher] o.hibernate.jpa.internal.util.LogHelper  : HHH000204: Processing PersistenceUnitInfo [name: default]
2024-10-18T10:28:29.072-05:00  INFO 11564 --- [SysAlmacenFX] [JavaFX-Launcher] org.hibernate.Version                    : HHH000412: Hibernate ORM core version 6.5.3.Final
2024-10-18T10:28:29.106-05:00  INFO 11564 --- [SysAlmacenFX] [JavaFX-Launcher] o.h.c.internal.RegionFactoryInitiator    : HHH000026: Second-level cache disabled
2024-10-18T10:28:29.416-05:00  INFO 11564 --- [SysAlmacenFX] [JavaFX-Launcher] o.s.o.j.p.SpringPersistenceUnitInfo      : No LoadTimeWeaver setup: ignoring JPA class transformer
2024-10-18T10:28:29.447-05:00  INFO 11564 --- [SysAlmacenFX] [JavaFX-Launcher] com.zaxxer.hikari.HikariDataSource       : HikariPool-1 - Starting...
2024-10-18T10:28:29.620-05:00  INFO 11564 --- [SysAlmacenFX] [JavaFX-Launcher] com.zaxxer.hikari.pool.HikariPool        : HikariPool-1 - Added connection org.sqlite.jdbc4.JDBC4Connection@25d095ba
2024-10-18T10:28:29.622-05:00  INFO 11564 --- [SysAlmacenFX] [JavaFX-Launcher] com.zaxxer.hikari.HikariDataSource       : HikariPool-1 - Start completed.
2024-10-18T10:28:30.933-05:00  INFO 11564 --- [SysAlmacenFX] [JavaFX-Launcher] o.h.e.t.j.p.i.JtaPlatformInitiator       : HHH000489: No JTA platform available (set 'hibernate.transaction.jta.platform' to enable JTA platform integration)
2024-10-18T10:28:30.978-05:00  INFO 11564 --- [SysAlmacenFX] [JavaFX-Launcher] j.LocalContainerEntityManagerFactoryBean : Initialized JPA EntityManagerFactory for persistence unit 'default'
2024-10-18T10:28:31.857-05:00  INFO 11564 --- [SysAlmacenFX] [JavaFX-Launcher] o.s.boot.SpringApplication               : Started application in 4.88 seconds (process running for 5.613)
2024-10-18T10:28:31.964-05:00  WARN 11564 --- [SysAlmacenFX] [JavaFX-Launcher] javafx                                   : Loading FXML document with JavaFX API of version 17.0.12 by JavaFX runtime of version 16
2024-10-18T10:30:33.668-05:00  INFO 11564 --- [SysAlmacenFX] [JavaFX Application Thread] j.LocalContainerEntityManagerFactoryBean : Closing JPA EntityManagerFactory for persistence unit 'default'
2024-10-18T10:30:33.671-05:00  INFO 11564 --- [SysAlmacenFX] [JavaFX Application Thread] com.zaxxer.hikari.HikariDataSource       : HikariPool-1 - Shutdown initiated...
2024-10-18T10:30:33.675-05:00  INFO 11564 --- [SysAlmacenFX] [JavaFX Application Thread] com.zaxxer.hikari.HikariDataSource       : HikariPool-1 - Shutdown completed.
2024-10-18T10:37:09.521-05:00  INFO 15740 --- [SysAlmacenFX] [JavaFX-Launcher] o.s.boot.SpringApplication               : Starting application using Java 23 with PID 15740 (started by PC-Laboratorio in D:\omar 2\OMAR-2\SysAlmacenFX)
2024-10-18T10:37:09.524-05:00  INFO 15740 --- [SysAlmacenFX] [JavaFX-Launcher] o.s.boot.SpringApplication               : No active profile set, falling back to 1 default profile: "default"
2024-10-18T10:37:10.235-05:00  INFO 15740 --- [SysAlmacenFX] [JavaFX-Launcher] .s.d.r.c.RepositoryConfigurationDelegate : Bootstrapping Spring Data JPA repositories in DEFAULT mode.
2024-10-18T10:37:10.318-05:00  INFO 15740 --- [SysAlmacenFX] [JavaFX-Launcher] .s.d.r.c.RepositoryConfigurationDelegate : Finished Spring Data repository scanning in 76 ms. Found 15 JPA repository interfaces.
2024-10-18T10:37:10.751-05:00  INFO 15740 --- [SysAlmacenFX] [JavaFX-Launcher] o.hibernate.jpa.internal.util.LogHelper  : HHH000204: Processing PersistenceUnitInfo [name: default]
2024-10-18T10:37:10.791-05:00  INFO 15740 --- [SysAlmacenFX] [JavaFX-Launcher] org.hibernate.Version                    : HHH000412: Hibernate ORM core version 6.5.3.Final
2024-10-18T10:37:10.816-05:00  INFO 15740 --- [SysAlmacenFX] [JavaFX-Launcher] o.h.c.internal.RegionFactoryInitiator    : HHH000026: Second-level cache disabled
2024-10-18T10:37:11.090-05:00  INFO 15740 --- [SysAlmacenFX] [JavaFX-Launcher] o.s.o.j.p.SpringPersistenceUnitInfo      : No LoadTimeWeaver setup: ignoring JPA class transformer
2024-10-18T10:37:11.126-05:00  INFO 15740 --- [SysAlmacenFX] [JavaFX-Launcher] com.zaxxer.hikari.HikariDataSource       : HikariPool-1 - Starting...
2024-10-18T10:37:11.268-05:00  INFO 15740 --- [SysAlmacenFX] [JavaFX-Launcher] com.zaxxer.hikari.pool.HikariPool        : HikariPool-1 - Added connection org.sqlite.jdbc4.JDBC4Connection@73a4b519
2024-10-18T10:37:11.269-05:00  INFO 15740 --- [SysAlmacenFX] [JavaFX-Launcher] com.zaxxer.hikari.HikariDataSource       : HikariPool-1 - Start completed.
2024-10-18T10:37:12.454-05:00  INFO 15740 --- [SysAlmacenFX] [JavaFX-Launcher] o.h.e.t.j.p.i.JtaPlatformInitiator       : HHH000489: No JTA platform available (set 'hibernate.transaction.jta.platform' to enable JTA platform integration)
2024-10-18T10:37:12.492-05:00  INFO 15740 --- [SysAlmacenFX] [JavaFX-Launcher] j.LocalContainerEntityManagerFactoryBean : Initialized JPA EntityManagerFactory for persistence unit 'default'
2024-10-18T10:37:13.253-05:00  INFO 15740 --- [SysAlmacenFX] [JavaFX-Launcher] o.s.boot.SpringApplication               : Started application in 4.345 seconds (process running for 5.059)
2024-10-18T10:37:13.357-05:00  WARN 15740 --- [SysAlmacenFX] [JavaFX-Launcher] javafx                                   : Loading FXML document with JavaFX API of version 17.0.12 by JavaFX runtime of version 16
2024-10-18T10:41:09.405-05:00  INFO 15740 --- [SysAlmacenFX] [SpringApplicationShutdownHook] j.LocalContainerEntityManagerFactoryBean : Closing JPA EntityManagerFactory for persistence unit 'default'
2024-10-18T10:41:09.408-05:00  INFO 15740 --- [SysAlmacenFX] [SpringApplicationShutdownHook] com.zaxxer.hikari.HikariDataSource       : HikariPool-1 - Shutdown initiated...
2024-10-18T10:41:09.412-05:00  INFO 15740 --- [SysAlmacenFX] [SpringApplicationShutdownHook] com.zaxxer.hikari.HikariDataSource       : HikariPool-1 - Shutdown completed.
2024-10-18T10:41:12.035-05:00  INFO 16068 --- [SysAlmacenFX] [JavaFX-Launcher] o.s.boot.SpringApplication               : Starting application using Java 23 with PID 16068 (started by PC-Laboratorio in D:\omar 2\OMAR-2\SysAlmacenFX)
2024-10-18T10:41:12.038-05:00  INFO 16068 --- [SysAlmacenFX] [JavaFX-Launcher] o.s.boot.SpringApplication               : No active profile set, falling back to 1 default profile: "default"
2024-10-18T10:41:12.784-05:00  INFO 16068 --- [SysAlmacenFX] [JavaFX-Launcher] .s.d.r.c.RepositoryConfigurationDelegate : Bootstrapping Spring Data JPA repositories in DEFAULT mode.
2024-10-18T10:41:12.864-05:00  INFO 16068 --- [SysAlmacenFX] [JavaFX-Launcher] .s.d.r.c.RepositoryConfigurationDelegate : Finished Spring Data repository scanning in 71 ms. Found 15 JPA repository interfaces.
2024-10-18T10:41:13.327-05:00  INFO 16068 --- [SysAlmacenFX] [JavaFX-Launcher] o.hibernate.jpa.internal.util.LogHelper  : HHH000204: Processing PersistenceUnitInfo [name: default]
2024-10-18T10:41:13.377-05:00  INFO 16068 --- [SysAlmacenFX] [JavaFX-Launcher] org.hibernate.Version                    : HHH000412: Hibernate ORM core version 6.5.3.Final
2024-10-18T10:41:13.408-05:00  INFO 16068 --- [SysAlmacenFX] [JavaFX-Launcher] o.h.c.internal.RegionFactoryInitiator    : HHH000026: Second-level cache disabled
2024-10-18T10:41:13.694-05:00  INFO 16068 --- [SysAlmacenFX] [JavaFX-Launcher] o.s.o.j.p.SpringPersistenceUnitInfo      : No LoadTimeWeaver setup: ignoring JPA class transformer
2024-10-18T10:41:13.732-05:00  INFO 16068 --- [SysAlmacenFX] [JavaFX-Launcher] com.zaxxer.hikari.HikariDataSource       : HikariPool-1 - Starting...
2024-10-18T10:41:13.871-05:00  INFO 16068 --- [SysAlmacenFX] [JavaFX-Launcher] com.zaxxer.hikari.pool.HikariPool        : HikariPool-1 - Added connection org.sqlite.jdbc4.JDBC4Connection@fcac725
2024-10-18T10:41:13.872-05:00  INFO 16068 --- [SysAlmacenFX] [JavaFX-Launcher] com.zaxxer.hikari.HikariDataSource       : HikariPool-1 - Start completed.
2024-10-18T10:41:14.992-05:00  INFO 16068 --- [SysAlmacenFX] [JavaFX-Launcher] o.h.e.t.j.p.i.JtaPlatformInitiator       : HHH000489: No JTA platform available (set 'hibernate.transaction.jta.platform' to enable JTA platform integration)
2024-10-18T10:41:15.027-05:00  INFO 16068 --- [SysAlmacenFX] [JavaFX-Launcher] j.LocalContainerEntityManagerFactoryBean : Initialized JPA EntityManagerFactory for persistence unit 'default'
2024-10-18T10:41:15.745-05:00  INFO 16068 --- [SysAlmacenFX] [JavaFX-Launcher] o.s.boot.SpringApplication               : Started application in 4.31 seconds (process running for 5.036)
2024-10-18T10:41:15.857-05:00  WARN 16068 --- [SysAlmacenFX] [JavaFX-Launcher] javafx                                   : Loading FXML document with JavaFX API of version 17.0.12 by JavaFX runtime of version 16
2024-10-18T10:41:18.124-05:00  INFO 16068 --- [SysAlmacenFX] [JavaFX Application Thread] j.LocalContainerEntityManagerFactoryBean : Closing JPA EntityManagerFactory for persistence unit 'default'
2024-10-18T10:41:18.127-05:00  INFO 16068 --- [SysAlmacenFX] [JavaFX Application Thread] com.zaxxer.hikari.HikariDataSource       : HikariPool-1 - Shutdown initiated...
2024-10-18T10:41:18.130-05:00  INFO 16068 --- [SysAlmacenFX] [JavaFX Application Thread] com.zaxxer.hikari.HikariDataSource       : HikariPool-1 - Shutdown completed.
2024-10-18T10:57:13.675-05:00  INFO 3444 --- [SysAlmacenFX] [JavaFX-Launcher] o.s.boot.SpringApplication               : Starting application using Java 23 with PID 3444 (started by PC-Laboratorio in D:\omar 2\OMAR-2\SysAlmacenFX)
2024-10-18T10:57:13.678-05:00  INFO 3444 --- [SysAlmacenFX] [JavaFX-Launcher] o.s.boot.SpringApplication               : No active profile set, falling back to 1 default profile: "default"
2024-10-18T10:57:14.389-05:00  INFO 3444 --- [SysAlmacenFX] [JavaFX-Launcher] .s.d.r.c.RepositoryConfigurationDelegate : Bootstrapping Spring Data JPA repositories in DEFAULT mode.
2024-10-18T10:57:14.470-05:00  INFO 3444 --- [SysAlmacenFX] [JavaFX-Launcher] .s.d.r.c.RepositoryConfigurationDelegate : Finished Spring Data repository scanning in 75 ms. Found 15 JPA repository interfaces.
2024-10-18T10:57:14.889-05:00  INFO 3444 --- [SysAlmacenFX] [JavaFX-Launcher] o.hibernate.jpa.internal.util.LogHelper  : HHH000204: Processing PersistenceUnitInfo [name: default]
2024-10-18T10:57:14.965-05:00  INFO 3444 --- [SysAlmacenFX] [JavaFX-Launcher] org.hibernate.Version                    : HHH000412: Hibernate ORM core version 6.5.3.Final
2024-10-18T10:57:15.002-05:00  INFO 3444 --- [SysAlmacenFX] [JavaFX-Launcher] o.h.c.internal.RegionFactoryInitiator    : HHH000026: Second-level cache disabled
2024-10-18T10:57:15.308-05:00  INFO 3444 --- [SysAlmacenFX] [JavaFX-Launcher] o.s.o.j.p.SpringPersistenceUnitInfo      : No LoadTimeWeaver setup: ignoring JPA class transformer
2024-10-18T10:57:15.339-05:00  INFO 3444 --- [SysAlmacenFX] [JavaFX-Launcher] com.zaxxer.hikari.HikariDataSource       : HikariPool-1 - Starting...
2024-10-18T10:57:15.504-05:00  INFO 3444 --- [SysAlmacenFX] [JavaFX-Launcher] com.zaxxer.hikari.pool.HikariPool        : HikariPool-1 - Added connection org.sqlite.jdbc4.JDBC4Connection@746d7ae3
2024-10-18T10:57:15.506-05:00  INFO 3444 --- [SysAlmacenFX] [JavaFX-Launcher] com.zaxxer.hikari.HikariDataSource       : HikariPool-1 - Start completed.
2024-10-18T10:57:16.790-05:00  INFO 3444 --- [SysAlmacenFX] [JavaFX-Launcher] o.h.e.t.j.p.i.JtaPlatformInitiator       : HHH000489: No JTA platform available (set 'hibernate.transaction.jta.platform' to enable JTA platform integration)
2024-10-18T10:57:16.829-05:00  INFO 3444 --- [SysAlmacenFX] [JavaFX-Launcher] j.LocalContainerEntityManagerFactoryBean : Initialized JPA EntityManagerFactory for persistence unit 'default'
2024-10-18T10:57:17.614-05:00  INFO 3444 --- [SysAlmacenFX] [JavaFX-Launcher] o.s.boot.SpringApplication               : Started application in 4.552 seconds (process running for 5.355)
2024-10-18T10:57:17.724-05:00  WARN 3444 --- [SysAlmacenFX] [JavaFX-Launcher] javafx                                   : Loading FXML document with JavaFX API of version 17.0.12 by JavaFX runtime of version 16
2024-10-18T10:57:21.858-05:00  INFO 3444 --- [SysAlmacenFX] [JavaFX Application Thread] j.LocalContainerEntityManagerFactoryBean : Closing JPA EntityManagerFactory for persistence unit 'default'
2024-10-18T10:57:21.862-05:00  INFO 3444 --- [SysAlmacenFX] [JavaFX Application Thread] com.zaxxer.hikari.HikariDataSource       : HikariPool-1 - Shutdown initiated...
2024-10-18T10:57:21.864-05:00  INFO 3444 --- [SysAlmacenFX] [JavaFX Application Thread] com.zaxxer.hikari.HikariDataSource       : HikariPool-1 - Shutdown completed.
2024-10-18T10:58:33.216-05:00  INFO 10324 --- [SysAlmacenFX] [JavaFX-Launcher] o.s.boot.SpringApplication               : Starting application using Java 23 with PID 10324 (started by PC-Laboratorio in D:\omar 2\OMAR-2\SysAlmacenFX)
2024-10-18T10:58:33.220-05:00  INFO 10324 --- [SysAlmacenFX] [JavaFX-Launcher] o.s.boot.SpringApplication               : No active profile set, falling back to 1 default profile: "default"
2024-10-18T10:58:33.974-05:00  INFO 10324 --- [SysAlmacenFX] [JavaFX-Launcher] .s.d.r.c.RepositoryConfigurationDelegate : Bootstrapping Spring Data JPA repositories in DEFAULT mode.
2024-10-18T10:58:34.056-05:00  INFO 10324 --- [SysAlmacenFX] [JavaFX-Launcher] .s.d.r.c.RepositoryConfigurationDelegate : Finished Spring Data repository scanning in 75 ms. Found 15 JPA repository interfaces.
2024-10-18T10:58:34.481-05:00  INFO 10324 --- [SysAlmacenFX] [JavaFX-Launcher] o.hibernate.jpa.internal.util.LogHelper  : HHH000204: Processing PersistenceUnitInfo [name: default]
2024-10-18T10:58:34.523-05:00  INFO 10324 --- [SysAlmacenFX] [JavaFX-Launcher] org.hibernate.Version                    : HHH000412: Hibernate ORM core version 6.5.3.Final
2024-10-18T10:58:34.548-05:00  INFO 10324 --- [SysAlmacenFX] [JavaFX-Launcher] o.h.c.internal.RegionFactoryInitiator    : HHH000026: Second-level cache disabled
2024-10-18T10:58:34.812-05:00  INFO 10324 --- [SysAlmacenFX] [JavaFX-Launcher] o.s.o.j.p.SpringPersistenceUnitInfo      : No LoadTimeWeaver setup: ignoring JPA class transformer
2024-10-18T10:58:34.850-05:00  INFO 10324 --- [SysAlmacenFX] [JavaFX-Launcher] com.zaxxer.hikari.HikariDataSource       : HikariPool-1 - Starting...
2024-10-18T10:58:34.992-05:00  INFO 10324 --- [SysAlmacenFX] [JavaFX-Launcher] com.zaxxer.hikari.pool.HikariPool        : HikariPool-1 - Added connection org.sqlite.jdbc4.JDBC4Connection@22f86abe
2024-10-18T10:58:34.994-05:00  INFO 10324 --- [SysAlmacenFX] [JavaFX-Launcher] com.zaxxer.hikari.HikariDataSource       : HikariPool-1 - Start completed.
2024-10-18T10:58:36.126-05:00  INFO 10324 --- [SysAlmacenFX] [JavaFX-Launcher] o.h.e.t.j.p.i.JtaPlatformInitiator       : HHH000489: No JTA platform available (set 'hibernate.transaction.jta.platform' to enable JTA platform integration)
2024-10-18T10:58:36.165-05:00  INFO 10324 --- [SysAlmacenFX] [JavaFX-Launcher] j.LocalContainerEntityManagerFactoryBean : Initialized JPA EntityManagerFactory for persistence unit 'default'
2024-10-18T10:58:36.900-05:00  INFO 10324 --- [SysAlmacenFX] [JavaFX-Launcher] o.s.boot.SpringApplication               : Started application in 4.32 seconds (process running for 5.027)
2024-10-18T10:58:36.984-05:00  WARN 10324 --- [SysAlmacenFX] [JavaFX-Launcher] javafx                                   : Loading FXML document with JavaFX API of version 17.0.12 by JavaFX runtime of version 16
2024-10-18T10:59:14.652-05:00  INFO 10324 --- [SysAlmacenFX] [JavaFX Application Thread] j.LocalContainerEntityManagerFactoryBean : Closing JPA EntityManagerFactory for persistence unit 'default'
2024-10-18T10:59:14.657-05:00  INFO 10324 --- [SysAlmacenFX] [JavaFX Application Thread] com.zaxxer.hikari.HikariDataSource       : HikariPool-1 - Shutdown initiated...
2024-10-18T10:59:14.663-05:00  INFO 10324 --- [SysAlmacenFX] [JavaFX Application Thread] com.zaxxer.hikari.HikariDataSource       : HikariPool-1 - Shutdown completed.
2024-10-18T10:59:17.804-05:00  INFO 8116 --- [SysAlmacenFX] [JavaFX-Launcher] o.s.boot.SpringApplication               : Starting application using Java 23 with PID 8116 (started by PC-Laboratorio in D:\omar 2\OMAR-2\SysAlmacenFX)
2024-10-18T10:59:17.808-05:00  INFO 8116 --- [SysAlmacenFX] [JavaFX-Launcher] o.s.boot.SpringApplication               : No active profile set, falling back to 1 default profile: "default"
2024-10-18T10:59:18.468-05:00  INFO 8116 --- [SysAlmacenFX] [JavaFX-Launcher] .s.d.r.c.RepositoryConfigurationDelegate : Bootstrapping Spring Data JPA repositories in DEFAULT mode.
2024-10-18T10:59:18.546-05:00  INFO 8116 --- [SysAlmacenFX] [JavaFX-Launcher] .s.d.r.c.RepositoryConfigurationDelegate : Finished Spring Data repository scanning in 72 ms. Found 15 JPA repository interfaces.
2024-10-18T10:59:18.988-05:00  INFO 8116 --- [SysAlmacenFX] [JavaFX-Launcher] o.hibernate.jpa.internal.util.LogHelper  : HHH000204: Processing PersistenceUnitInfo [name: default]
2024-10-18T10:59:19.044-05:00  INFO 8116 --- [SysAlmacenFX] [JavaFX-Launcher] org.hibernate.Version                    : HHH000412: Hibernate ORM core version 6.5.3.Final
2024-10-18T10:59:19.074-05:00  INFO 8116 --- [SysAlmacenFX] [JavaFX-Launcher] o.h.c.internal.RegionFactoryInitiator    : HHH000026: Second-level cache disabled
2024-10-18T10:59:19.348-05:00  INFO 8116 --- [SysAlmacenFX] [JavaFX-Launcher] o.s.o.j.p.SpringPersistenceUnitInfo      : No LoadTimeWeaver setup: ignoring JPA class transformer
2024-10-18T10:59:19.381-05:00  INFO 8116 --- [SysAlmacenFX] [JavaFX-Launcher] com.zaxxer.hikari.HikariDataSource       : HikariPool-1 - Starting...
2024-10-18T10:59:19.538-05:00  INFO 8116 --- [SysAlmacenFX] [JavaFX-Launcher] com.zaxxer.hikari.pool.HikariPool        : HikariPool-1 - Added connection org.sqlite.jdbc4.JDBC4Connection@58c2e432
2024-10-18T10:59:19.540-05:00  INFO 8116 --- [SysAlmacenFX] [JavaFX-Launcher] com.zaxxer.hikari.HikariDataSource       : HikariPool-1 - Start completed.
2024-10-18T10:59:20.643-05:00  INFO 8116 --- [SysAlmacenFX] [JavaFX-Launcher] o.h.e.t.j.p.i.JtaPlatformInitiator       : HHH000489: No JTA platform available (set 'hibernate.transaction.jta.platform' to enable JTA platform integration)
2024-10-18T10:59:20.677-05:00  INFO 8116 --- [SysAlmacenFX] [JavaFX-Launcher] j.LocalContainerEntityManagerFactoryBean : Initialized JPA EntityManagerFactory for persistence unit 'default'
2024-10-18T10:59:21.516-05:00  INFO 8116 --- [SysAlmacenFX] [JavaFX-Launcher] o.s.boot.SpringApplication               : Started application in 4.333 seconds (process running for 5.022)
2024-10-18T10:59:21.605-05:00  WARN 8116 --- [SysAlmacenFX] [JavaFX-Launcher] javafx                                   : Loading FXML document with JavaFX API of version 17.0.12 by JavaFX runtime of version 16
2024-10-18T11:00:23.308-05:00  INFO 8116 --- [SysAlmacenFX] [JavaFX Application Thread] j.LocalContainerEntityManagerFactoryBean : Closing JPA EntityManagerFactory for persistence unit 'default'
2024-10-18T11:00:23.311-05:00  INFO 8116 --- [SysAlmacenFX] [JavaFX Application Thread] com.zaxxer.hikari.HikariDataSource       : HikariPool-1 - Shutdown initiated...
2024-10-18T11:00:23.315-05:00  INFO 8116 --- [SysAlmacenFX] [JavaFX Application Thread] com.zaxxer.hikari.HikariDataSource       : HikariPool-1 - Shutdown completed.
2024-10-18T11:03:12.341-05:00  INFO 13948 --- [SysAlmacenFX] [JavaFX-Launcher] o.s.boot.SpringApplication               : Starting application using Java 23 with PID 13948 (started by PC-Laboratorio in D:\omar 2\OMAR-2\SysAlmacenFX)
2024-10-18T11:03:12.345-05:00  INFO 13948 --- [SysAlmacenFX] [JavaFX-Launcher] o.s.boot.SpringApplication               : No active profile set, falling back to 1 default profile: "default"
2024-10-18T11:03:13.007-05:00  INFO 13948 --- [SysAlmacenFX] [JavaFX-Launcher] .s.d.r.c.RepositoryConfigurationDelegate : Bootstrapping Spring Data JPA repositories in DEFAULT mode.
2024-10-18T11:03:13.088-05:00  INFO 13948 --- [SysAlmacenFX] [JavaFX-Launcher] .s.d.r.c.RepositoryConfigurationDelegate : Finished Spring Data repository scanning in 73 ms. Found 15 JPA repository interfaces.
2024-10-18T11:03:13.495-05:00  INFO 13948 --- [SysAlmacenFX] [JavaFX-Launcher] o.hibernate.jpa.internal.util.LogHelper  : HHH000204: Processing PersistenceUnitInfo [name: default]
2024-10-18T11:03:13.548-05:00  INFO 13948 --- [SysAlmacenFX] [JavaFX-Launcher] org.hibernate.Version                    : HHH000412: Hibernate ORM core version 6.5.3.Final
2024-10-18T11:03:13.576-05:00  INFO 13948 --- [SysAlmacenFX] [JavaFX-Launcher] o.h.c.internal.RegionFactoryInitiator    : HHH000026: Second-level cache disabled
2024-10-18T11:03:13.830-05:00  INFO 13948 --- [SysAlmacenFX] [JavaFX-Launcher] o.s.o.j.p.SpringPersistenceUnitInfo      : No LoadTimeWeaver setup: ignoring JPA class transformer
2024-10-18T11:03:13.865-05:00  INFO 13948 --- [SysAlmacenFX] [JavaFX-Launcher] com.zaxxer.hikari.HikariDataSource       : HikariPool-1 - Starting...
2024-10-18T11:03:14.021-05:00  INFO 13948 --- [SysAlmacenFX] [JavaFX-Launcher] com.zaxxer.hikari.pool.HikariPool        : HikariPool-1 - Added connection org.sqlite.jdbc4.JDBC4Connection@1b1c7123
2024-10-18T11:03:14.022-05:00  INFO 13948 --- [SysAlmacenFX] [JavaFX-Launcher] com.zaxxer.hikari.HikariDataSource       : HikariPool-1 - Start completed.
2024-10-18T11:03:15.101-05:00  INFO 13948 --- [SysAlmacenFX] [JavaFX-Launcher] o.h.e.t.j.p.i.JtaPlatformInitiator       : HHH000489: No JTA platform available (set 'hibernate.transaction.jta.platform' to enable JTA platform integration)
2024-10-18T11:03:15.139-05:00  INFO 13948 --- [SysAlmacenFX] [JavaFX-Launcher] j.LocalContainerEntityManagerFactoryBean : Initialized JPA EntityManagerFactory for persistence unit 'default'
2024-10-18T11:03:15.756-05:00  INFO 13948 --- [SysAlmacenFX] [JavaFX-Launcher] o.s.boot.SpringApplication               : Started application in 4.001 seconds (process running for 4.716)
2024-10-18T11:03:15.840-05:00  WARN 13948 --- [SysAlmacenFX] [JavaFX-Launcher] javafx                                   : Loading FXML document with JavaFX API of version 17.0.12 by JavaFX runtime of version 16
2024-10-18T11:04:16.323-05:00  INFO 13948 --- [SysAlmacenFX] [JavaFX Application Thread] j.LocalContainerEntityManagerFactoryBean : Closing JPA EntityManagerFactory for persistence unit 'default'
2024-10-18T11:04:16.325-05:00  INFO 13948 --- [SysAlmacenFX] [JavaFX Application Thread] com.zaxxer.hikari.HikariDataSource       : HikariPool-1 - Shutdown initiated...
2024-10-18T11:04:16.328-05:00  INFO 13948 --- [SysAlmacenFX] [JavaFX Application Thread] com.zaxxer.hikari.HikariDataSource       : HikariPool-1 - Shutdown completed.
2024-10-18T11:04:33.792-05:00  INFO 16448 --- [SysAlmacenFX] [JavaFX-Launcher] o.s.boot.SpringApplication               : Starting application using Java 23 with PID 16448 (started by PC-Laboratorio in D:\omar 2\OMAR-2\SysAlmacenFX)
2024-10-18T11:04:33.794-05:00  INFO 16448 --- [SysAlmacenFX] [JavaFX-Launcher] o.s.boot.SpringApplication               : No active profile set, falling back to 1 default profile: "default"
2024-10-18T11:04:34.478-05:00  INFO 16448 --- [SysAlmacenFX] [JavaFX-Launcher] .s.d.r.c.RepositoryConfigurationDelegate : Bootstrapping Spring Data JPA repositories in DEFAULT mode.
2024-10-18T11:04:34.554-05:00  INFO 16448 --- [SysAlmacenFX] [JavaFX-Launcher] .s.d.r.c.RepositoryConfigurationDelegate : Finished Spring Data repository scanning in 70 ms. Found 15 JPA repository interfaces.
2024-10-18T11:04:34.971-05:00  INFO 16448 --- [SysAlmacenFX] [JavaFX-Launcher] o.hibernate.jpa.internal.util.LogHelper  : HHH000204: Processing PersistenceUnitInfo [name: default]
2024-10-18T11:04:35.032-05:00  INFO 16448 --- [SysAlmacenFX] [JavaFX-Launcher] org.hibernate.Version                    : HHH000412: Hibernate ORM core version 6.5.3.Final
2024-10-18T11:04:35.063-05:00  INFO 16448 --- [SysAlmacenFX] [JavaFX-Launcher] o.h.c.internal.RegionFactoryInitiator    : HHH000026: Second-level cache disabled
2024-10-18T11:04:35.347-05:00  INFO 16448 --- [SysAlmacenFX] [JavaFX-Launcher] o.s.o.j.p.SpringPersistenceUnitInfo      : No LoadTimeWeaver setup: ignoring JPA class transformer
2024-10-18T11:04:35.379-05:00  INFO 16448 --- [SysAlmacenFX] [JavaFX-Launcher] com.zaxxer.hikari.HikariDataSource       : HikariPool-1 - Starting...
2024-10-18T11:04:35.518-05:00  INFO 16448 --- [SysAlmacenFX] [JavaFX-Launcher] com.zaxxer.hikari.pool.HikariPool        : HikariPool-1 - Added connection org.sqlite.jdbc4.JDBC4Connection@185fa715
2024-10-18T11:04:35.520-05:00  INFO 16448 --- [SysAlmacenFX] [JavaFX-Launcher] com.zaxxer.hikari.HikariDataSource       : HikariPool-1 - Start completed.
2024-10-18T11:04:36.616-05:00  INFO 16448 --- [SysAlmacenFX] [JavaFX-Launcher] o.h.e.t.j.p.i.JtaPlatformInitiator       : HHH000489: No JTA platform available (set 'hibernate.transaction.jta.platform' to enable JTA platform integration)
2024-10-18T11:04:36.662-05:00  INFO 16448 --- [SysAlmacenFX] [JavaFX-Launcher] j.LocalContainerEntityManagerFactoryBean : Initialized JPA EntityManagerFactory for persistence unit 'default'
2024-10-18T11:04:37.318-05:00  INFO 16448 --- [SysAlmacenFX] [JavaFX-Launcher] o.s.boot.SpringApplication               : Started application in 4.118 seconds (process running for 4.797)
2024-10-18T11:04:37.415-05:00  WARN 16448 --- [SysAlmacenFX] [JavaFX-Launcher] javafx                                   : Loading FXML document with JavaFX API of version 17.0.12 by JavaFX runtime of version 16
2024-10-18T11:06:05.189-05:00  INFO 16448 --- [SysAlmacenFX] [SpringApplicationShutdownHook] j.LocalContainerEntityManagerFactoryBean : Closing JPA EntityManagerFactory for persistence unit 'default'
2024-10-18T11:06:05.193-05:00  INFO 16448 --- [SysAlmacenFX] [SpringApplicationShutdownHook] com.zaxxer.hikari.HikariDataSource       : HikariPool-1 - Shutdown initiated...
2024-10-18T11:06:05.196-05:00  INFO 16448 --- [SysAlmacenFX] [SpringApplicationShutdownHook] com.zaxxer.hikari.HikariDataSource       : HikariPool-1 - Shutdown completed.
2024-10-18T11:06:08.141-05:00  INFO 7196 --- [SysAlmacenFX] [JavaFX-Launcher] o.s.boot.SpringApplication               : Starting application using Java 23 with PID 7196 (started by PC-Laboratorio in D:\omar 2\OMAR-2\SysAlmacenFX)
2024-10-18T11:06:08.144-05:00  INFO 7196 --- [SysAlmacenFX] [JavaFX-Launcher] o.s.boot.SpringApplication               : No active profile set, falling back to 1 default profile: "default"
2024-10-18T11:06:08.829-05:00  INFO 7196 --- [SysAlmacenFX] [JavaFX-Launcher] .s.d.r.c.RepositoryConfigurationDelegate : Bootstrapping Spring Data JPA repositories in DEFAULT mode.
2024-10-18T11:06:08.909-05:00  INFO 7196 --- [SysAlmacenFX] [JavaFX-Launcher] .s.d.r.c.RepositoryConfigurationDelegate : Finished Spring Data repository scanning in 73 ms. Found 15 JPA repository interfaces.
2024-10-18T11:06:09.322-05:00  INFO 7196 --- [SysAlmacenFX] [JavaFX-Launcher] o.hibernate.jpa.internal.util.LogHelper  : HHH000204: Processing PersistenceUnitInfo [name: default]
2024-10-18T11:06:09.369-05:00  INFO 7196 --- [SysAlmacenFX] [JavaFX-Launcher] org.hibernate.Version                    : HHH000412: Hibernate ORM core version 6.5.3.Final
2024-10-18T11:06:09.399-05:00  INFO 7196 --- [SysAlmacenFX] [JavaFX-Launcher] o.h.c.internal.RegionFactoryInitiator    : HHH000026: Second-level cache disabled
2024-10-18T11:06:09.673-05:00  INFO 7196 --- [SysAlmacenFX] [JavaFX-Launcher] o.s.o.j.p.SpringPersistenceUnitInfo      : No LoadTimeWeaver setup: ignoring JPA class transformer
2024-10-18T11:06:09.705-05:00  INFO 7196 --- [SysAlmacenFX] [JavaFX-Launcher] com.zaxxer.hikari.HikariDataSource       : HikariPool-1 - Starting...
2024-10-18T11:06:09.844-05:00  INFO 7196 --- [SysAlmacenFX] [JavaFX-Launcher] com.zaxxer.hikari.pool.HikariPool        : HikariPool-1 - Added connection org.sqlite.jdbc4.JDBC4Connection@6548f9d3
2024-10-18T11:06:09.846-05:00  INFO 7196 --- [SysAlmacenFX] [JavaFX-Launcher] com.zaxxer.hikari.HikariDataSource       : HikariPool-1 - Start completed.
2024-10-18T11:06:10.967-05:00  INFO 7196 --- [SysAlmacenFX] [JavaFX-Launcher] o.h.e.t.j.p.i.JtaPlatformInitiator       : HHH000489: No JTA platform available (set 'hibernate.transaction.jta.platform' to enable JTA platform integration)
2024-10-18T11:06:11.006-05:00  INFO 7196 --- [SysAlmacenFX] [JavaFX-Launcher] j.LocalContainerEntityManagerFactoryBean : Initialized JPA EntityManagerFactory for persistence unit 'default'
2024-10-18T11:06:11.644-05:00  INFO 7196 --- [SysAlmacenFX] [JavaFX-Launcher] o.s.boot.SpringApplication               : Started application in 4.096 seconds (process running for 4.774)
2024-10-18T11:06:11.731-05:00  WARN 7196 --- [SysAlmacenFX] [JavaFX-Launcher] javafx                                   : Loading FXML document with JavaFX API of version 17.0.12 by JavaFX runtime of version 16
2024-10-18T11:06:38.757-05:00  INFO 7196 --- [SysAlmacenFX] [JavaFX Application Thread] j.LocalContainerEntityManagerFactoryBean : Closing JPA EntityManagerFactory for persistence unit 'default'
2024-10-18T11:06:38.761-05:00  INFO 7196 --- [SysAlmacenFX] [JavaFX Application Thread] com.zaxxer.hikari.HikariDataSource       : HikariPool-1 - Shutdown initiated...
2024-10-18T11:06:38.764-05:00  INFO 7196 --- [SysAlmacenFX] [JavaFX Application Thread] com.zaxxer.hikari.HikariDataSource       : HikariPool-1 - Shutdown completed.
2024-10-18T11:06:43.970-05:00  INFO 3884 --- [SysAlmacenFX] [JavaFX-Launcher] o.s.boot.SpringApplication               : Starting application using Java 23 with PID 3884 (started by PC-Laboratorio in D:\omar 2\OMAR-2\SysAlmacenFX)
2024-10-18T11:06:43.974-05:00  INFO 3884 --- [SysAlmacenFX] [JavaFX-Launcher] o.s.boot.SpringApplication               : No active profile set, falling back to 1 default profile: "default"
2024-10-18T11:06:44.644-05:00  INFO 3884 --- [SysAlmacenFX] [JavaFX-Launcher] .s.d.r.c.RepositoryConfigurationDelegate : Bootstrapping Spring Data JPA repositories in DEFAULT mode.
2024-10-18T11:06:44.728-05:00  INFO 3884 --- [SysAlmacenFX] [JavaFX-Launcher] .s.d.r.c.RepositoryConfigurationDelegate : Finished Spring Data repository scanning in 76 ms. Found 15 JPA repository interfaces.
2024-10-18T11:06:45.148-05:00  INFO 3884 --- [SysAlmacenFX] [JavaFX-Launcher] o.hibernate.jpa.internal.util.LogHelper  : HHH000204: Processing PersistenceUnitInfo [name: default]
2024-10-18T11:06:45.205-05:00  INFO 3884 --- [SysAlmacenFX] [JavaFX-Launcher] org.hibernate.Version                    : HHH000412: Hibernate ORM core version 6.5.3.Final
2024-10-18T11:06:45.233-05:00  INFO 3884 --- [SysAlmacenFX] [JavaFX-Launcher] o.h.c.internal.RegionFactoryInitiator    : HHH000026: Second-level cache disabled
2024-10-18T11:06:45.502-05:00  INFO 3884 --- [SysAlmacenFX] [JavaFX-Launcher] o.s.o.j.p.SpringPersistenceUnitInfo      : No LoadTimeWeaver setup: ignoring JPA class transformer
2024-10-18T11:06:45.536-05:00  INFO 3884 --- [SysAlmacenFX] [JavaFX-Launcher] com.zaxxer.hikari.HikariDataSource       : HikariPool-1 - Starting...
2024-10-18T11:06:45.676-05:00  INFO 3884 --- [SysAlmacenFX] [JavaFX-Launcher] com.zaxxer.hikari.pool.HikariPool        : HikariPool-1 - Added connection org.sqlite.jdbc4.JDBC4Connection@127adc02
2024-10-18T11:06:45.678-05:00  INFO 3884 --- [SysAlmacenFX] [JavaFX-Launcher] com.zaxxer.hikari.HikariDataSource       : HikariPool-1 - Start completed.
2024-10-18T11:06:46.769-05:00  INFO 3884 --- [SysAlmacenFX] [JavaFX-Launcher] o.h.e.t.j.p.i.JtaPlatformInitiator       : HHH000489: No JTA platform available (set 'hibernate.transaction.jta.platform' to enable JTA platform integration)
2024-10-18T11:06:46.810-05:00  INFO 3884 --- [SysAlmacenFX] [JavaFX-Launcher] j.LocalContainerEntityManagerFactoryBean : Initialized JPA EntityManagerFactory for persistence unit 'default'
2024-10-18T11:06:47.449-05:00  INFO 3884 --- [SysAlmacenFX] [JavaFX-Launcher] o.s.boot.SpringApplication               : Started application in 4.064 seconds (process running for 4.741)
2024-10-18T11:06:47.540-05:00  WARN 3884 --- [SysAlmacenFX] [JavaFX-Launcher] javafx                                   : Loading FXML document with JavaFX API of version 17.0.12 by JavaFX runtime of version 16
2024-10-18T11:07:21.319-05:00  INFO 3884 --- [SysAlmacenFX] [SpringApplicationShutdownHook] j.LocalContainerEntityManagerFactoryBean : Closing JPA EntityManagerFactory for persistence unit 'default'
2024-10-18T11:07:21.323-05:00  INFO 3884 --- [SysAlmacenFX] [SpringApplicationShutdownHook] com.zaxxer.hikari.HikariDataSource       : HikariPool-1 - Shutdown initiated...
2024-10-18T11:07:21.326-05:00  INFO 3884 --- [SysAlmacenFX] [SpringApplicationShutdownHook] com.zaxxer.hikari.HikariDataSource       : HikariPool-1 - Shutdown completed.
2024-10-18T11:07:26.165-05:00  INFO 12712 --- [SysAlmacenFX] [JavaFX-Launcher] o.s.boot.SpringApplication               : Starting application using Java 23 with PID 12712 (started by PC-Laboratorio in D:\omar 2\OMAR-2\SysAlmacenFX)
2024-10-18T11:07:26.169-05:00  INFO 12712 --- [SysAlmacenFX] [JavaFX-Launcher] o.s.boot.SpringApplication               : No active profile set, falling back to 1 default profile: "default"
2024-10-18T11:07:26.832-05:00  INFO 12712 --- [SysAlmacenFX] [JavaFX-Launcher] .s.d.r.c.RepositoryConfigurationDelegate : Bootstrapping Spring Data JPA repositories in DEFAULT mode.
2024-10-18T11:07:26.912-05:00  INFO 12712 --- [SysAlmacenFX] [JavaFX-Launcher] .s.d.r.c.RepositoryConfigurationDelegate : Finished Spring Data repository scanning in 73 ms. Found 15 JPA repository interfaces.
2024-10-18T11:07:27.335-05:00  INFO 12712 --- [SysAlmacenFX] [JavaFX-Launcher] o.hibernate.jpa.internal.util.LogHelper  : HHH000204: Processing PersistenceUnitInfo [name: default]
2024-10-18T11:07:27.382-05:00  INFO 12712 --- [SysAlmacenFX] [JavaFX-Launcher] org.hibernate.Version                    : HHH000412: Hibernate ORM core version 6.5.3.Final
2024-10-18T11:07:27.412-05:00  INFO 12712 --- [SysAlmacenFX] [JavaFX-Launcher] o.h.c.internal.RegionFactoryInitiator    : HHH000026: Second-level cache disabled
2024-10-18T11:07:27.686-05:00  INFO 12712 --- [SysAlmacenFX] [JavaFX-Launcher] o.s.o.j.p.SpringPersistenceUnitInfo      : No LoadTimeWeaver setup: ignoring JPA class transformer
2024-10-18T11:07:27.720-05:00  INFO 12712 --- [SysAlmacenFX] [JavaFX-Launcher] com.zaxxer.hikari.HikariDataSource       : HikariPool-1 - Starting...
2024-10-18T11:07:27.857-05:00  INFO 12712 --- [SysAlmacenFX] [JavaFX-Launcher] com.zaxxer.hikari.pool.HikariPool        : HikariPool-1 - Added connection org.sqlite.jdbc4.JDBC4Connection@404ca70b
2024-10-18T11:07:27.860-05:00  INFO 12712 --- [SysAlmacenFX] [JavaFX-Launcher] com.zaxxer.hikari.HikariDataSource       : HikariPool-1 - Start completed.
2024-10-18T11:07:28.946-05:00  INFO 12712 --- [SysAlmacenFX] [JavaFX-Launcher] o.h.e.t.j.p.i.JtaPlatformInitiator       : HHH000489: No JTA platform available (set 'hibernate.transaction.jta.platform' to enable JTA platform integration)
2024-10-18T11:07:28.987-05:00  INFO 12712 --- [SysAlmacenFX] [JavaFX-Launcher] j.LocalContainerEntityManagerFactoryBean : Initialized JPA EntityManagerFactory for persistence unit 'default'
2024-10-18T11:07:29.613-05:00  INFO 12712 --- [SysAlmacenFX] [JavaFX-Launcher] o.s.boot.SpringApplication               : Started application in 4.059 seconds (process running for 4.735)
2024-10-18T11:07:29.690-05:00  WARN 12712 --- [SysAlmacenFX] [JavaFX-Launcher] javafx                                   : Loading FXML document with JavaFX API of version 17.0.12 by JavaFX runtime of version 16
2024-10-18T11:08:07.481-05:00  INFO 12712 --- [SysAlmacenFX] [SpringApplicationShutdownHook] j.LocalContainerEntityManagerFactoryBean : Closing JPA EntityManagerFactory for persistence unit 'default'
2024-10-18T11:08:07.483-05:00  INFO 12712 --- [SysAlmacenFX] [SpringApplicationShutdownHook] com.zaxxer.hikari.HikariDataSource       : HikariPool-1 - Shutdown initiated...
2024-10-18T11:08:07.488-05:00  INFO 12712 --- [SysAlmacenFX] [SpringApplicationShutdownHook] com.zaxxer.hikari.HikariDataSource       : HikariPool-1 - Shutdown completed.
2024-10-18T11:08:11.950-05:00  INFO 14448 --- [SysAlmacenFX] [JavaFX-Launcher] o.s.boot.SpringApplication               : Starting application using Java 23 with PID 14448 (started by PC-Laboratorio in D:\omar 2\OMAR-2\SysAlmacenFX)
2024-10-18T11:08:11.953-05:00  INFO 14448 --- [SysAlmacenFX] [JavaFX-Launcher] o.s.boot.SpringApplication               : No active profile set, falling back to 1 default profile: "default"
2024-10-18T11:08:12.647-05:00  INFO 14448 --- [SysAlmacenFX] [JavaFX-Launcher] .s.d.r.c.RepositoryConfigurationDelegate : Bootstrapping Spring Data JPA repositories in DEFAULT mode.
2024-10-18T11:08:12.726-05:00  INFO 14448 --- [SysAlmacenFX] [JavaFX-Launcher] .s.d.r.c.RepositoryConfigurationDelegate : Finished Spring Data repository scanning in 73 ms. Found 15 JPA repository interfaces.
2024-10-18T11:08:13.153-05:00  INFO 14448 --- [SysAlmacenFX] [JavaFX-Launcher] o.hibernate.jpa.internal.util.LogHelper  : HHH000204: Processing PersistenceUnitInfo [name: default]
2024-10-18T11:08:13.197-05:00  INFO 14448 --- [SysAlmacenFX] [JavaFX-Launcher] org.hibernate.Version                    : HHH000412: Hibernate ORM core version 6.5.3.Final
2024-10-18T11:08:13.228-05:00  INFO 14448 --- [SysAlmacenFX] [JavaFX-Launcher] o.h.c.internal.RegionFactoryInitiator    : HHH000026: Second-level cache disabled
2024-10-18T11:08:13.506-05:00  INFO 14448 --- [SysAlmacenFX] [JavaFX-Launcher] o.s.o.j.p.SpringPersistenceUnitInfo      : No LoadTimeWeaver setup: ignoring JPA class transformer
2024-10-18T11:08:13.546-05:00  INFO 14448 --- [SysAlmacenFX] [JavaFX-Launcher] com.zaxxer.hikari.HikariDataSource       : HikariPool-1 - Starting...
2024-10-18T11:08:13.693-05:00  INFO 14448 --- [SysAlmacenFX] [JavaFX-Launcher] com.zaxxer.hikari.pool.HikariPool        : HikariPool-1 - Added connection org.sqlite.jdbc4.JDBC4Connection@9a5e81f
2024-10-18T11:08:13.694-05:00  INFO 14448 --- [SysAlmacenFX] [JavaFX-Launcher] com.zaxxer.hikari.HikariDataSource       : HikariPool-1 - Start completed.
2024-10-18T11:08:14.805-05:00  INFO 14448 --- [SysAlmacenFX] [JavaFX-Launcher] o.h.e.t.j.p.i.JtaPlatformInitiator       : HHH000489: No JTA platform available (set 'hibernate.transaction.jta.platform' to enable JTA platform integration)
2024-10-18T11:08:14.844-05:00  INFO 14448 --- [SysAlmacenFX] [JavaFX-Launcher] j.LocalContainerEntityManagerFactoryBean : Initialized JPA EntityManagerFactory for persistence unit 'default'
2024-10-18T11:08:15.516-05:00  INFO 14448 --- [SysAlmacenFX] [JavaFX-Launcher] o.s.boot.SpringApplication               : Started application in 4.181 seconds (process running for 4.859)
2024-10-18T11:08:15.615-05:00  WARN 14448 --- [SysAlmacenFX] [JavaFX-Launcher] javafx                                   : Loading FXML document with JavaFX API of version 17.0.12 by JavaFX runtime of version 16
